2024-11-28 15:55:14,362 - INFO - Database schema updated successfully
2024-11-28 15:55:14,437 - INFO - Extractores disponíveis: pypdf2, pdfplumber, pdfminer, tesseract, pdf2image
2024-11-28 15:55:14,437 - INFO - Suporte a OCR está disponível
2024-11-28 15:55:14,440 - INFO - Found 10 files to process in 1 groups
2024-11-28 15:55:14,441 - INFO - Processing: /Users/menon/Downloads/livros/SOFTWARE ARCHITECTURE BY O'REILLY/artofagiledevelopment2e_V2.epub
2024-11-28 15:55:14,441 - INFO - Processing: /Users/menon/Downloads/livros/SOFTWARE ARCHITECTURE BY O'REILLY/continuousapimanagement2e.epub
2024-11-28 15:55:14,441 - INFO - Processing: /Users/menon/Downloads/livros/SOFTWARE ARCHITECTURE BY O'REILLY/buildingmicro-frontends.mobi
2024-11-28 15:55:14,441 - INFO - Processing: /Users/menon/Downloads/livros/SOFTWARE ARCHITECTURE BY O'REILLY/flowarchitectures.mobi
2024-11-28 15:55:17,448 - INFO - Processing: /Users/menon/Downloads/livros/SOFTWARE ARCHITECTURE BY O'REILLY/monolithtomicroservices.mobi
2024-11-28 15:55:19,955 - INFO - Processing: /Users/menon/Downloads/livros/SOFTWARE ARCHITECTURE BY O'REILLY/continuousapimanagement2e.pdf
2024-11-28 15:55:20,223 - INFO - Extraindo metadados de: /Users/menon/Downloads/livros/SOFTWARE ARCHITECTURE BY O'REILLY/continuousapimanagement2e.pdf
2024-11-28 15:55:20,248 - INFO - Processing: /Users/menon/Downloads/livros/SOFTWARE ARCHITECTURE BY O'REILLY/flowarchitectures.pdf
2024-11-28 15:55:20,324 - INFO - Extraindo metadados de: /Users/menon/Downloads/livros/SOFTWARE ARCHITECTURE BY O'REILLY/flowarchitectures.pdf
2024-11-28 15:55:20,814 - WARNING - ISBNlib info: ISBN variant detected for 9781492082996: isbn request != isbn response (9781492082996 not in [{'type': 'ISBN_13', 'identifier': '9781492082941'}, {'type': 'ISBN_10', 'identifier': '1492082945'}])
2024-11-28 15:55:20,857 - WARNING - ISBNlib info: ISBN variant detected for 9781492075899: isbn request != isbn response (9781492075899 not in [{'type': 'ISBN_13', 'identifier': '9781492075844'}, {'type': 'ISBN_10', 'identifier': '1492075841'}])
2024-11-28 15:55:21,339 - WARNING - ISBNlib info: ISBN variant detected for 9780133463187: isbn request != isbn response (9780133463187 not in [{'type': 'ISBN_13', 'identifier': '9781492080664'}, {'type': 'ISBN_10', 'identifier': '1492080667'}])
2024-11-28 15:55:22,375 - ERROR - isbnlib_goom unexpected error for ISBN 9781492082996: AttributeError - 'list' object has no attribute 'get'
2024-11-28 15:55:22,375 - WARNING - API call failed: isbnlib_goom
Average response time: 0.00s
Success rate: 0.0%
2024-11-28 15:55:22,381 - ERROR - isbnlib_goom unexpected error for ISBN 9781492075899: AttributeError - 'list' object has no attribute 'get'
2024-11-28 15:55:22,382 - WARNING - API call failed: isbnlib_goom
Average response time: 0.52s
Success rate: 33.3%
2024-11-28 15:55:23,012 - ERROR - isbnlib_goom unexpected error for ISBN 9780133463187: AttributeError - 'list' object has no attribute 'get'
2024-11-28 15:55:23,012 - WARNING - API call failed: isbnlib_goom
Average response time: 0.62s
Success rate: 40.0%
2024-11-28 15:55:23,873 - WARNING - ISBNlib info: ISBN variant detected for 9781492075899: isbn request != isbn response (9781492075899 not in [{'type': 'ISBN_13', 'identifier': '9781492075844'}, {'type': 'ISBN_10', 'identifier': '1492075841'}])
2024-11-28 15:55:24,384 - ERROR - isbnlib_meta unexpected error for ISBN 9781492082996: ISBNNotConsistentError - isbn request != isbn response (9781492082996 not in [{'type': 'ISBN_13', 'identifier': '9781492082941'}, {'type': 'ISBN_10', 'identifier': '1492082945'}])
2024-11-28 15:55:24,385 - WARNING - API call failed: isbnlib_meta
Average response time: 0.00s
Success rate: 0.0%
2024-11-28 15:55:24,392 - ERROR - isbnlib_meta unexpected error for ISBN 9781492075899: ISBNNotConsistentError - isbn request != isbn response (9781492075899 not in [{'type': 'ISBN_13', 'identifier': '9781492075844'}, {'type': 'ISBN_10', 'identifier': '1492075841'}])
2024-11-28 15:55:24,393 - WARNING - API call failed: isbnlib_meta
Average response time: 0.67s
Success rate: 33.3%
2024-11-28 15:55:25,021 - ERROR - isbnlib_meta unexpected error for ISBN 9780133463187: ISBNNotConsistentError - isbn request != isbn response (9780133463187 not in [{'type': 'ISBN_13', 'identifier': '9781492080664'}, {'type': 'ISBN_10', 'identifier': '1492080667'}])
2024-11-28 15:55:25,022 - WARNING - API call failed: isbnlib_meta
Average response time: 0.80s
Success rate: 40.0%
2024-11-28 15:55:25,515 - ERROR - isbnlib_goom unexpected error for ISBN 9781492075899: AttributeError - 'list' object has no attribute 'get'
2024-11-28 15:55:25,516 - WARNING - API call failed: isbnlib_goom
Average response time: 0.68s
Success rate: 42.9%
2024-11-28 15:55:27,257 - ERROR - isbnlib_default unexpected error for ISBN 9781492082996: ISBNNotConsistentError - isbn request != isbn response (9781492082996 not in [{'type': 'ISBN_13', 'identifier': '9781492082941'}, {'type': 'ISBN_10', 'identifier': '1492082945'}])
2024-11-28 15:55:27,258 - WARNING - API call failed: isbnlib_default
Average response time: 0.00s
Success rate: 0.0%
2024-11-28 15:55:27,293 - ERROR - isbnlib_default unexpected error for ISBN 9781492075899: ISBNNotConsistentError - isbn request != isbn response (9781492075899 not in [{'type': 'ISBN_13', 'identifier': '9781492075844'}, {'type': 'ISBN_10', 'identifier': '1492075841'}])
2024-11-28 15:55:27,293 - WARNING - API call failed: isbnlib_default
Average response time: 0.67s
Success rate: 33.3%
2024-11-28 15:55:27,451 - WARNING - Retrying (Retry(total=4, connect=None, read=None, redirect=None, status=None)) after connection broken by 'NewConnectionError('<urllib3.connection.HTTPSConnection object at 0x156d5b670>: Failed to establish a new connection: [Errno 12] Cannot allocate memory')': /api/books?bibkeys=ISBN%3A9781492082996&format=json&jscmd=data
2024-11-28 15:55:27,451 - WARNING - Retrying (Retry(total=4, connect=None, read=None, redirect=None, status=None)) after connection broken by 'NewConnectionError('<urllib3.connection.HTTPSConnection object at 0x156d5bb80>: Failed to establish a new connection: [Errno 12] Cannot allocate memory')': /api/books?bibkeys=ISBN%3A9781492075899&format=json&jscmd=data
2024-11-28 15:55:27,837 - ERROR - isbnlib_default unexpected error for ISBN 9780133463187: ISBNNotConsistentError - isbn request != isbn response (9780133463187 not in [{'type': 'ISBN_13', 'identifier': '9781492080664'}, {'type': 'ISBN_10', 'identifier': '1492080667'}])
2024-11-28 15:55:27,838 - WARNING - API call failed: isbnlib_default
Average response time: 0.80s
Success rate: 40.0%
2024-11-28 15:55:28,359 - INFO - Processing: /Users/menon/Downloads/livros/SOFTWARE ARCHITECTURE BY O'REILLY/artofagiledevelopment2e_V2.pdf
2024-11-28 15:55:28,362 - INFO - Processing: /Users/menon/Downloads/livros/SOFTWARE ARCHITECTURE BY O'REILLY/monolithtomicroservices.pdf
2024-11-28 15:55:28,791 - INFO - Extraindo metadados de: /Users/menon/Downloads/livros/SOFTWARE ARCHITECTURE BY O'REILLY/monolithtomicroservices.pdf
2024-11-28 15:55:28,822 - INFO - Processing: /Users/menon/Downloads/livros/SOFTWARE ARCHITECTURE BY O'REILLY/buildingmicro-frontends.pdf
2024-11-28 15:55:28,863 - INFO - Extraindo metadados de: /Users/menon/Downloads/livros/SOFTWARE ARCHITECTURE BY O'REILLY/artofagiledevelopment2e_V2.pdf
2024-11-28 15:55:29,071 - INFO - Extraindo metadados de: /Users/menon/Downloads/livros/SOFTWARE ARCHITECTURE BY O'REILLY/buildingmicro-frontends.pdf
2024-11-28 15:55:29,204 - INFO - Success: artofagiledevelopment2e_V2
2024-11-28 15:55:29,204 - INFO - Success: continuousapimanagement2e
2024-11-28 15:55:29,204 - INFO - Success: buildingmicro-frontends
2024-11-28 15:55:29,205 - INFO - Success: flowarchitectures
2024-11-28 15:55:29,205 - INFO - Success: monolithtomicroservices
2024-11-28 15:55:29,205 - INFO - Success: continuousapimanagement2e
2024-11-28 15:55:29,534 - ERROR - isbnlib_meta unexpected error for ISBN 9781492075899: ISBNNotConsistentError - isbn request != isbn response (9781492075899 not in [{'type': 'ISBN_13', 'identifier': '9781492075844'}, {'type': 'ISBN_10', 'identifier': '1492075841'}])
2024-11-28 15:55:29,535 - WARNING - API call failed: isbnlib_meta
Average response time: 0.86s
Success rate: 42.9%
2024-11-28 15:55:32,355 - ERROR - isbnlib_default unexpected error for ISBN 9781492075899: ISBNNotConsistentError - isbn request != isbn response (9781492075899 not in [{'type': 'ISBN_13', 'identifier': '9781492075844'}, {'type': 'ISBN_10', 'identifier': '1492075841'}])
2024-11-28 15:55:32,356 - WARNING - API call failed: isbnlib_default
Average response time: 0.86s
Success rate: 42.9%
2024-11-28 15:55:32,743 - INFO - Success: flowarchitectures
2024-11-28 15:55:32,743 - INFO - Success: artofagiledevelopment2e_V2
2024-11-28 15:55:32,743 - INFO - Success: monolithtomicroservices
2024-11-28 15:55:32,743 - INFO - Success: buildingmicro-frontends
