2024-12-04 10:16:46,372 - DEBUG - Scanning for files...
2024-12-04 10:16:46,375 - INFO -  /Users/menon/Downloads/0_teste_livros_scan/computacao-evolucionaria-aplique-os-algoritmos-geneticos-com-python-e-numpy.pdf
2024-12-04 10:16:46,376 - INFO -  /Users/menon/Downloads/0_teste_livros_scan/Wiley_2023_The_Active_Defender_Dr._Catherine_J._Ullman_9781119895213.pdf
2024-12-04 10:16:46,376 - INFO -  /Users/menon/Downloads/0_teste_livros_scan/series-temporais-com-prophet-analise-e-previsao-de-dados-com-python.pdf
2024-12-04 10:16:46,376 - INFO -  /Users/menon/Downloads/0_teste_livros_scan/machine-learning-introducao-a-classificacao.pdf
2024-12-04 10:16:46,427 - INFO -  /Users/menon/Downloads/0_teste_livros_scan/Wiley_2023_Software_Transparency_Chris_Hughes-_Tony_Turner_9781394158485.pdf
2024-12-04 10:16:46,476 - INFO -  /Users/menon/Downloads/0_teste_livros_scan/Hands-On Artificial Intelligence for Banking.pdf
2024-12-04 10:16:46,696 - INFO -  /Users/menon/Downloads/0_teste_livros_scan/OReilly_bash_Cookbook_Carl_Albing-_JP_Vossen_9781491975336.pdf
2024-12-04 10:16:46,696 - INFO -  /Users/menon/Downloads/0_teste_livros_scan/OReilly_2022_Ansible_Up_and_Running_Bas_Meijer-_Lorin_Hochstein_9781098109158.pdf
2024-12-04 10:16:46,697 - DEBUG - Failed to process: computacao-evolucionaria-aplique-os-algoritmos-geneticos-com-python-e-numpy.pdf
2024-12-04 10:16:46,697 - DEBUG - Successfully processed: Wiley_2023_The_Active_Defender_Dr._Catherine_J._Ullman_9781119895213.pdf
2024-12-04 10:16:46,697 - INFO -  /Users/menon/Downloads/0_teste_livros_scan/pythonforcybersecurity_usingpythonforcyberoffenseanddefense.pdf
2024-12-04 10:16:46,697 - DEBUG - Failed to process: series-temporais-com-prophet-analise-e-previsao-de-dados-com-python.pdf
2024-12-04 10:16:46,915 - INFO -  /Users/menon/Downloads/0_teste_livros_scan/National_Geographic_Books_2021_Bug_Bounty_Bootcamp_Vickie_Li_9781718501546.pdf
2024-12-04 10:16:46,943 - INFO -  /Users/menon/Downloads/0_teste_livros_scan/OReilly_2020_Java_Performance_Scott_Oaks_9781492056119.pdf
2024-12-04 10:16:46,987 - INFO -  /Users/menon/Downloads/0_teste_livros_scan/Packt_2022_Applied_Machine_Learning_and_High-Performance_Comp_Mani_Khanuja-_Farooq_Sabir_9781803237015.pdf
2024-12-04 10:16:47,090 - INFO -  /Users/menon/Downloads/0_teste_livros_scan/No_Starch_Press_2021_The_Hardware_Hacking_Handbook_Jasper_van_Woudenberg-_Colin_O'Flynn_9781593278748.pdf
2024-12-04 10:16:47,146 - INFO -  /Users/menon/Downloads/0_teste_livros_scan/pdfcoffee.com_python-para-analise-de-dados-wes-mckinney-pdf-free.pdf
2024-12-04 10:16:47,201 - INFO -  /Users/menon/Downloads/0_teste_livros_scan/Hands-On Data Structures and Algorithms with Python  Third Edition EPUB.epub
2024-12-04 10:16:47,249 - INFO -  /Users/menon/Downloads/0_teste_livros_scan/OReilly_2023_Learning_Java_Marc_Loy-_Patrick_Niemeyer_9781098145538.epub
2024-12-04 10:16:47,274 - INFO -  /Users/menon/Downloads/0_teste_livros_scan/No_Starch_Press_2022_Cybersecurity_for_Small_Networks_Seth_Enoka_9781718501485.epub
2024-12-04 10:16:47,275 - DEBUG - Failed to process: machine-learning-introducao-a-classificacao.pdf
2024-12-04 10:16:47,275 - DEBUG - Successfully processed: Wiley_2023_Software_Transparency_Chris_Hughes-_Tony_Turner_9781394158485.pdf
2024-12-04 10:16:47,276 - DEBUG - Failed to process: Hands-On Artificial Intelligence for Banking.pdf
2024-12-04 10:16:47,276 - DEBUG - Successfully processed: OReilly_bash_Cookbook_Carl_Albing-_JP_Vossen_9781491975336.pdf
2024-12-04 10:16:47,276 - DEBUG - Successfully processed: OReilly_2022_Ansible_Up_and_Running_Bas_Meijer-_Lorin_Hochstein_9781098109158.pdf
2024-12-04 10:16:47,276 - DEBUG - Successfully processed: pythonforcybersecurity_usingpythonforcyberoffenseanddefense.pdf
2024-12-04 10:16:47,276 - DEBUG - Successfully processed: National_Geographic_Books_2021_Bug_Bounty_Bootcamp_Vickie_Li_9781718501546.pdf
2024-12-04 10:16:47,277 - DEBUG - Successfully processed: OReilly_2020_Java_Performance_Scott_Oaks_9781492056119.pdf
2024-12-04 10:16:47,277 - DEBUG - Successfully processed: Packt_2022_Applied_Machine_Learning_and_High-Performance_Comp_Mani_Khanuja-_Farooq_Sabir_9781803237015.pdf
2024-12-04 10:16:47,277 - DEBUG - Successfully processed: No_Starch_Press_2021_The_Hardware_Hacking_Handbook_Jasper_van_Woudenberg-_Colin_O'Flynn_9781593278748.pdf
2024-12-04 10:16:47,475 - INFO -  /Users/menon/Downloads/0_teste_livros_scan/Clean Code in JavaScript.epub
2024-12-04 10:16:47,475 - DEBUG - Failed to process: pdfcoffee.com_python-para-analise-de-dados-wes-mckinney-pdf-free.pdf
2024-12-04 10:16:49,408 - INFO -  /Users/menon/Downloads/0_teste_livros_scan/Packt_2018_Tensorflow_Deep_Learning_Projects_Alberto_Boschetti-_Luca_Massaron_9781788398060.epub
2024-12-04 10:16:52,551 - INFO -  /Users/menon/Downloads/0_teste_livros_scan/series-temporais-com-prophet-analise-e-previsao-de-dados-com-python (1).epub
2024-12-04 10:16:52,955 - INFO -  /Users/menon/Downloads/0_teste_livros_scan/orientacao-a-objetos-aprenda-seus-conceitos-e-suas-aplicabilidades-de-forma-efetiva.mobi
2024-12-04 10:16:52,957 - DEBUG - Successfully processed: Hands-On Data Structures and Algorithms with Python  Third Edition EPUB.epub
2024-12-04 10:16:52,957 - DEBUG - Successfully processed: OReilly_2023_Learning_Java_Marc_Loy-_Patrick_Niemeyer_9781098145538.epub
2024-12-04 10:16:52,957 - DEBUG - Successfully processed: No_Starch_Press_2022_Cybersecurity_for_Small_Networks_Seth_Enoka_9781718501485.epub
2024-12-04 10:16:53,673 - INFO -  /Users/menon/Downloads/0_teste_livros_scan/java-9-interativo-reativo-e-modularizado.mobi
2024-12-04 10:16:53,674 - DEBUG - Successfully processed: Clean Code in JavaScript.epub
2024-12-04 10:16:53,873 - INFO -  /Users/menon/Downloads/0_teste_livros_scan/OReilly_2021_Java_to_Kotlin_Duncan_McGregor-_Nat_Pryce_9781492082279.mobi
2024-12-04 10:16:54,383 - DEBUG - Successfully processed: Packt_2018_Tensorflow_Deep_Learning_Projects_Alberto_Boschetti-_Luca_Massaron_9781788398060.epub
2024-12-04 10:16:54,384 - DEBUG - Successfully processed: series-temporais-com-prophet-analise-e-previsao-de-dados-com-python (1).epub
2024-12-04 10:16:54,748 - DEBUG - Failed to process: orientacao-a-objetos-aprenda-seus-conceitos-e-suas-aplicabilidades-de-forma-efetiva.mobi
2024-12-04 10:16:54,748 - DEBUG - Failed to process: java-9-interativo-reativo-e-modularizado.mobi
2024-12-04 10:16:55,053 - DEBUG - Failed to process: OReilly_2021_Java_to_Kotlin_Duncan_McGregor-_Nat_Pryce_9781492082279.mobi
2024-12-04 10:16:55,056 - INFO - Reports generated successfully: reports/report_20241204_101655
