2024-12-01 18:01:32,642 - INFO - Database initialized successfully with schema verified
2024-12-01 18:01:32,643 - INFO - Schema verification completed successfully
2024-12-01 18:01:32,706 - INFO - Extractores disponíveis: pypdf2, pdfplumber, pdfminer, tesseract, pdf2image
2024-12-01 18:01:32,706 - INFO - Suporte a OCR está disponível
2024-12-01 18:01:32,707 - INFO - Database initialized successfully with schema verified
2024-12-01 18:01:32,708 - INFO - Schema verification completed successfully
2024-12-01 18:01:32,710 - INFO - Found 16 files to process in 1 directories
2024-12-01 18:01:32,710 - INFO - Processing: /Users/menon/Downloads/0_teste_livros_scan/OReilly_2021_Java_to_Kotlin_Duncan_McGregor-_Nat_Pryce_9781492082279.mobi
2024-12-01 18:01:32,711 - INFO - Processing: /Users/menon/Downloads/0_teste_livros_scan/computacao-evolucionaria-aplique-os-algoritmos-geneticos-com-python-e-numpy.pdf
2024-12-01 18:01:32,711 - INFO - Processing: /Users/menon/Downloads/0_teste_livros_scan/Wiley_2023_The_Active_Defender_Dr._Catherine_J._Ullman_9781119895213.pdf
2024-12-01 18:01:32,711 - INFO - Processing: /Users/menon/Downloads/0_teste_livros_scan/Wiley_2023_Software_Transparency_Chris_Hughes-_Tony_Turner_9781394158485.pdf
2024-12-01 18:01:32,817 - INFO - Extracting metadata from: /Users/menon/Downloads/0_teste_livros_scan/OReilly_2021_Java_to_Kotlin_Duncan_McGregor-_Nat_Pryce_9781492082279.mobi
2024-12-01 18:01:32,851 - INFO - Processing: /Users/menon/Downloads/0_teste_livros_scan/Hands-On Artificial Intelligence for Banking.pdf
2024-12-01 18:01:32,863 - INFO - Extraindo metadados de: /Users/menon/Downloads/0_teste_livros_scan/computacao-evolucionaria-aplique-os-algoritmos-geneticos-com-python-e-numpy.pdf
2024-12-01 18:01:32,880 - INFO - Extraindo metadados de: /Users/menon/Downloads/0_teste_livros_scan/Wiley_2023_Software_Transparency_Chris_Hughes-_Tony_Turner_9781394158485.pdf
2024-12-01 18:01:32,891 - INFO - Extraindo metadados de: /Users/menon/Downloads/0_teste_livros_scan/Wiley_2023_The_Active_Defender_Dr._Catherine_J._Ullman_9781119895213.pdf
2024-12-01 18:01:32,901 - INFO - Processing: /Users/menon/Downloads/0_teste_livros_scan/OReilly_bash_Cookbook_Carl_Albing-_JP_Vossen_9781491975336.pdf
2024-12-01 18:01:32,901 - INFO - Processing: /Users/menon/Downloads/0_teste_livros_scan/OReilly_2022_Ansible_Up_and_Running_Bas_Meijer-_Lorin_Hochstein_9781098109158.pdf
2024-12-01 18:01:32,901 - INFO - Processing: /Users/menon/Downloads/0_teste_livros_scan/National_Geographic_Books_2021_Bug_Bounty_Bootcamp_Vickie_Li_9781718501546.pdf
2024-12-01 18:01:32,937 - INFO - Extraindo metadados de: /Users/menon/Downloads/0_teste_livros_scan/Hands-On Artificial Intelligence for Banking.pdf
2024-12-01 18:01:33,001 - INFO - Success: OReilly_2021_Java_to_Kotlin_Duncan_McGregor-_Nat_Pryce_9781492082279
2024-12-01 18:01:33,001 - WARNING - No metadata: computacao-evolucionaria-aplique-os-algoritmos-geneticos-com-python-e-numpy
2024-12-01 18:01:33,001 - INFO - Success: Wiley_2023_The_Active_Defender_Dr._Catherine_J._Ullman_9781119895213
2024-12-01 18:01:33,001 - INFO - Processing: /Users/menon/Downloads/0_teste_livros_scan/OReilly_2020_Java_Performance_Scott_Oaks_9781492056119.pdf
2024-12-01 18:01:33,006 - INFO - Success: Wiley_2023_Software_Transparency_Chris_Hughes-_Tony_Turner_9781394158485
2024-12-01 18:01:33,043 - WARNING - No metadata: Hands-On Artificial Intelligence for Banking
2024-12-01 18:01:33,046 - INFO - Extraindo metadados de: /Users/menon/Downloads/0_teste_livros_scan/OReilly_bash_Cookbook_Carl_Albing-_JP_Vossen_9781491975336.pdf
2024-12-01 18:01:33,088 - INFO - Processing: /Users/menon/Downloads/0_teste_livros_scan/Packt_2022_Applied_Machine_Learning_and_High-Performance_Comp_Mani_Khanuja-_Farooq_Sabir_9781803237015.pdf
2024-12-01 18:01:33,089 - INFO - Success: OReilly_bash_Cookbook_Carl_Albing-_JP_Vossen_9781491975336
2024-12-01 18:01:33,105 - INFO - Extraindo metadados de: /Users/menon/Downloads/0_teste_livros_scan/OReilly_2022_Ansible_Up_and_Running_Bas_Meijer-_Lorin_Hochstein_9781098109158.pdf
2024-12-01 18:01:33,110 - INFO - Extraindo metadados de: /Users/menon/Downloads/0_teste_livros_scan/National_Geographic_Books_2021_Bug_Bounty_Bootcamp_Vickie_Li_9781718501546.pdf
2024-12-01 18:01:33,126 - INFO - Processing: /Users/menon/Downloads/0_teste_livros_scan/No_Starch_Press_2021_The_Hardware_Hacking_Handbook_Jasper_van_Woudenberg-_Colin_O'Flynn_9781593278748.pdf
2024-12-01 18:01:33,129 - INFO - Success: OReilly_2022_Ansible_Up_and_Running_Bas_Meijer-_Lorin_Hochstein_9781098109158
2024-12-01 18:01:33,142 - INFO - Extraindo metadados de: /Users/menon/Downloads/0_teste_livros_scan/OReilly_2020_Java_Performance_Scott_Oaks_9781492056119.pdf
2024-12-01 18:01:33,142 - INFO - Processing: /Users/menon/Downloads/0_teste_livros_scan/pdfcoffee.com_python-para-analise-de-dados-wes-mckinney-pdf-free.pdf
2024-12-01 18:01:33,146 - INFO - Success: National_Geographic_Books_2021_Bug_Bounty_Bootcamp_Vickie_Li_9781718501546
2024-12-01 18:01:33,161 - INFO - Processing: /Users/menon/Downloads/0_teste_livros_scan/OReilly_2023_Learning_Java_Marc_Loy-_Patrick_Niemeyer_9781098145538.epub
2024-12-01 18:01:33,161 - INFO - Success: OReilly_2020_Java_Performance_Scott_Oaks_9781492056119
2024-12-01 18:01:33,161 - INFO - Processing EPUB file: /Users/menon/Downloads/0_teste_livros_scan/OReilly_2023_Learning_Java_Marc_Loy-_Patrick_Niemeyer_9781098145538.epub
2024-12-01 18:01:33,246 - INFO - Extraindo metadados de: /Users/menon/Downloads/0_teste_livros_scan/Packt_2022_Applied_Machine_Learning_and_High-Performance_Comp_Mani_Khanuja-_Farooq_Sabir_9781803237015.pdf
2024-12-01 18:01:33,282 - INFO - Extraindo metadados de: /Users/menon/Downloads/0_teste_livros_scan/No_Starch_Press_2021_The_Hardware_Hacking_Handbook_Jasper_van_Woudenberg-_Colin_O'Flynn_9781593278748.pdf
2024-12-01 18:01:33,283 - INFO - Processing: /Users/menon/Downloads/0_teste_livros_scan/No_Starch_Press_2022_Cybersecurity_for_Small_Networks_Seth_Enoka_9781718501485.epub
2024-12-01 18:01:33,283 - INFO - Success: Packt_2022_Applied_Machine_Learning_and_High-Performance_Comp_Mani_Khanuja-_Farooq_Sabir_9781803237015
2024-12-01 18:01:33,283 - INFO - Processing EPUB file: /Users/menon/Downloads/0_teste_livros_scan/No_Starch_Press_2022_Cybersecurity_for_Small_Networks_Seth_Enoka_9781718501485.epub
2024-12-01 18:01:33,288 - INFO - Processing: /Users/menon/Downloads/0_teste_livros_scan/Packt_2018_Tensorflow_Deep_Learning_Projects_Alberto_Boschetti-_Luca_Massaron_9781788398060.epub
2024-12-01 18:01:33,288 - INFO - Success: No_Starch_Press_2021_The_Hardware_Hacking_Handbook_Jasper_van_Woudenberg-_Colin_O'Flynn_9781593278748
2024-12-01 18:01:33,288 - INFO - Processing EPUB file: /Users/menon/Downloads/0_teste_livros_scan/Packt_2018_Tensorflow_Deep_Learning_Projects_Alberto_Boschetti-_Luca_Massaron_9781788398060.epub
2024-12-01 18:01:33,456 - INFO - Extraindo metadados de: /Users/menon/Downloads/0_teste_livros_scan/pdfcoffee.com_python-para-analise-de-dados-wes-mckinney-pdf-free.pdf
2024-12-01 18:01:33,462 - INFO - Processing: /Users/menon/Downloads/0_teste_livros_scan/series-temporais-com-prophet-analise-e-previsao-de-dados-com-python (1).epub
2024-12-01 18:01:33,462 - WARNING - No metadata: pdfcoffee.com_python-para-analise-de-dados-wes-mckinney-pdf-free
2024-12-01 18:01:33,462 - INFO - Processing EPUB file: /Users/menon/Downloads/0_teste_livros_scan/series-temporais-com-prophet-analise-e-previsao-de-dados-com-python (1).epub
2024-12-01 18:01:33,516 - INFO - Found ISBN in DC metadata: 9781718501492
2024-12-01 18:01:33,544 - INFO - Found ISBN-13 in content: 9781718501485
2024-12-01 18:01:33,544 - INFO - Found ISBN-13 in content: 9781718501492
2024-12-01 18:01:33,544 - INFO - Found ISBN-13 in content: 9781718501485
2024-12-01 18:01:33,544 - INFO - Found ISBN-13 in content: 9781718501492
2024-12-01 18:01:33,544 - INFO - Found ISBN-13 in content: 9781718501485
2024-12-01 18:01:33,544 - INFO - Found ISBN-13 in content: 9781718501492
2024-12-01 18:01:33,544 - INFO - Found ISBN-13 in content: 9781718501485
2024-12-01 18:01:33,544 - INFO - Found ISBN-13 in content: 9781718501492
2024-12-01 18:01:33,545 - INFO - Found ISBN-13 in content: 9781718501485
2024-12-01 18:01:33,545 - INFO - Found ISBN-13 in content: 9781718501492
2024-12-01 18:01:33,545 - INFO - Found ISBN-10 in content: 2022021005
2024-12-01 18:01:33,545 - INFO - Found ISBN-10 in content: 2022021006
2024-12-01 18:01:33,545 - INFO - Found ISBN-10 in content: 9781718501
2024-12-01 18:01:33,545 - INFO - Found ISBN-10 in content: 9781718501
2024-12-01 18:01:33,545 - INFO - Found ISBN-10 in content: 2022021005
2024-12-01 18:01:33,545 - INFO - Found ISBN-10 in content: 2022021006
2024-12-01 18:01:33,548 - INFO - Found ISBN-13 in content: 9781098145538
2024-12-01 18:01:33,548 - INFO - Found ISBN-13 in content: 9781098145538
2024-12-01 18:01:33,548 - INFO - Found ISBN-10 in content: 9781098145
2024-12-01 18:01:33,584 - INFO - Found ISBN-13 in content: 9781098145538
2024-12-01 18:01:33,796 - INFO - Found ISBN-10 in content: 1619747519
2024-12-01 18:01:33,796 - INFO - Found ISBN-10 in content: 1619747519
2024-12-01 18:01:33,797 - INFO - Found ISBN-10 in content: 1619747519
2024-12-01 18:01:33,797 - INFO - Found ISBN-10 in content: 1619747520
2024-12-01 18:01:33,797 - INFO - Found ISBN-10 in content: 1584414232
2024-12-01 18:01:33,797 - INFO - Found ISBN-10 in content: 1584414237
2024-12-01 18:01:33,797 - INFO - Found ISBN-10 in content: 1584414242
2024-12-01 18:01:33,797 - INFO - Found ISBN-10 in content: 1584414247
2024-12-01 18:01:33,798 - INFO - Found ISBN-10 in content: 1584414248
2024-12-01 18:01:33,798 - INFO - Found ISBN-10 in content: 1584414254
2024-12-01 18:01:33,855 - INFO - Found ISBN-10 in content: 1634779305
2024-12-01 18:01:33,855 - INFO - Found ISBN-10 in content: 1634779305
2024-12-01 18:01:33,856 - INFO - Found ISBN-10 in content: 0788339744
2024-12-01 18:01:34,014 - INFO - Found ISBN-10 in content: 1415926535
2024-12-01 18:01:34,014 - INFO - Found ISBN-10 in content: 1415926535
2024-12-01 18:01:34,014 - INFO - Found ISBN-10 in content: 7694409323
2024-12-01 18:01:34,014 - INFO - Found ISBN-10 in content: 0973355292
2024-12-01 18:01:34,014 - INFO - Found ISBN-10 in content: 0973355292
2024-12-01 18:01:34,014 - INFO - Found ISBN-10 in content: 4012345678
2024-12-01 18:01:34,014 - INFO - Found ISBN-10 in content: 4012345678
2024-12-01 18:01:34,014 - INFO - Found ISBN-10 in content: 4123456789
2024-12-01 18:01:34,014 - INFO - Found ISBN-10 in content: 4123456789
2024-12-01 18:01:34,014 - INFO - Found ISBN-10 in content: 4012345678
2024-12-01 18:01:34,014 - INFO - Found ISBN-10 in content: 4012345678
2024-12-01 18:01:34,014 - INFO - Found ISBN-10 in content: 4012345678
2024-12-01 18:01:34,065 - INFO - Processed 23 items
2024-12-01 18:01:34,065 - INFO - Found 15 unique ISBNs: ['0788339744', '1584414232', '1584414237', '1584414242', '1584414247', '1584414248', '1584414254', '1619747519', '1619747520', '1634779305', '2022021005', '2022021006', '9781718501', '9781718501485', '9781718501492']
2024-12-01 18:01:34,065 - INFO - Extracting metadata from: /Users/menon/Downloads/0_teste_livros_scan/No_Starch_Press_2022_Cybersecurity_for_Small_Networks_Seth_Enoka_9781718501485.epub
2024-12-01 18:01:34,177 - INFO - Found ISBN-10 in content: 7742338443
2024-12-01 18:01:34,195 - INFO - Found ISBN-10 in content: 1102733054
2024-12-01 18:01:34,362 - INFO - Found ISBN-10 in content: 6033220602
2024-12-01 18:01:34,362 - INFO - Found ISBN-10 in content: 2670123361
2024-12-01 18:01:34,363 - INFO - Found ISBN-10 in content: 2684179187
2024-12-01 18:01:34,363 - INFO - Found ISBN-10 in content: 6003123012
2024-12-01 18:01:34,366 - INFO - Found ISBN-13 in content: 9788555193149
2024-12-01 18:01:34,366 - INFO - Found ISBN-13 in content: 9788555193125
2024-12-01 18:01:34,366 - INFO - Found ISBN-13 in content: 9788555193149
2024-12-01 18:01:34,366 - INFO - Found ISBN-13 in content: 9788555193125
2024-12-01 18:01:34,366 - INFO - Found ISBN-13 in content: 9788555193149
2024-12-01 18:01:34,366 - INFO - Found ISBN-13 in content: 9788555193125
2024-12-01 18:01:34,367 - INFO - Processed 16 items
2024-12-01 18:01:34,367 - INFO - Found 8 unique ISBNs: ['1102733054', '2670123361', '2684179187', '6003123012', '6033220602', '7742338443', '9788555193125', '9788555193149']
2024-12-01 18:01:34,385 - INFO - Extracting metadata from: /Users/menon/Downloads/0_teste_livros_scan/series-temporais-com-prophet-analise-e-previsao-de-dados-com-python (1).epub
2024-12-01 18:01:34,542 - INFO - Found ISBN-10 in content: 9999999999
2024-12-01 18:01:34,542 - INFO - Found ISBN-10 in content: 4142135623
2024-12-01 18:01:34,542 - INFO - Found ISBN-10 in content: 9223372036
2024-12-01 18:01:34,542 - INFO - Found ISBN-10 in content: 9223372036
2024-12-01 18:01:34,543 - INFO - Found ISBN-10 in content: 9223372036
2024-12-01 18:01:34,543 - INFO - Found ISBN-10 in content: 9223372036
2024-12-01 18:01:34,543 - INFO - Found ISBN-10 in content: 1844674407
2024-12-01 18:01:34,543 - INFO - Found ISBN-10 in content: 3709551614
2024-12-01 18:01:34,810 - INFO - Found ISBN-13 in content: 9792082722375
2024-12-01 18:01:34,810 - INFO - Found ISBN-10 in content: 0000000840
2024-12-01 18:01:34,811 - INFO - Found ISBN-10 in content: 0000000840
2024-12-01 18:01:34,811 - INFO - Found ISBN-10 in content: 4895000000
2024-12-01 18:01:34,811 - INFO - Found ISBN-10 in content: 7040000000
2024-12-01 18:01:34,811 - INFO - Found ISBN-10 in content: 6227020800
2024-12-01 18:01:34,811 - INFO - Found ISBN-10 in content: 5109094217
2024-12-01 18:01:34,811 - INFO - Found ISBN-10 in content: 1709440000
2024-12-01 18:01:34,811 - INFO - Found ISBN-10 in content: 9332621544
2024-12-01 18:01:34,811 - INFO - Found ISBN-10 in content: 3944152681
2024-12-01 18:01:34,811 - INFO - Found ISBN-10 in content: 6992388562
2024-12-01 18:01:34,811 - INFO - Found ISBN-10 in content: 6670049071
2024-12-01 18:01:34,811 - INFO - Found ISBN-10 in content: 8162146859
2024-12-01 18:01:34,811 - INFO - Found ISBN-10 in content: 2963895217
2024-12-01 18:01:34,811 - INFO - Found ISBN-10 in content: 5999932299
2024-12-01 18:01:34,811 - INFO - Found ISBN-10 in content: 1560894146
2024-12-01 18:01:34,811 - INFO - Found ISBN-10 in content: 1828625369
2024-12-01 18:01:34,812 - INFO - Found ISBN-10 in content: 7920827223
2024-12-01 18:01:34,812 - INFO - Found ISBN-10 in content: 7582511852
2024-12-01 18:01:34,812 - INFO - Found ISBN-10 in content: 1091686400
2024-12-01 18:01:34,812 - INFO - Found ISBN-10 in content: 0000000000
2024-12-01 18:01:34,812 - INFO - Found ISBN-10 in content: 1800000000
2024-12-01 18:01:34,819 - INFO - Found ISBN in DC metadata: 9781718501492
2024-12-01 18:01:34,819 - INFO - Successfully extracted metadata: {'title': 'Cybersecurity for Small Networks', 'creator': 'Seth Enoka', 'publisher': 'No Starch Press', 'isbn': '9781718501492'}
2024-12-01 18:01:34,960 - INFO - Processing EPUB file: /Users/menon/Downloads/0_teste_livros_scan/series-temporais-com-prophet-analise-e-previsao-de-dados-com-python (1).epub
2024-12-01 18:01:35,063 - INFO - Found ISBN-10 in content: 2208988800
2024-12-01 18:01:35,293 - INFO - Processed 24 items
2024-12-01 18:01:35,293 - INFO - Found 34 unique ISBNs: ['0000000000', '0000000840', '0973355292', '1091686400', '1415926535', '1560894146', '1709440000', '1800000000', '1828625369', '1844674407', '2208988800', '2963895217', '3709551614', '3944152681', '4012345678', '4123456789', '4142135623', '4895000000', '5109094217', '5999932299', '6227020800', '6670049071', '6992388562', '7040000000', '7582511852', '7694409323', '7920827223', '8162146859', '9223372036', '9332621544', '9781098145', '9781098145538', '9792082722375', '9999999999']
2024-12-01 18:01:35,293 - INFO - Extracting metadata from: /Users/menon/Downloads/0_teste_livros_scan/OReilly_2023_Learning_Java_Marc_Loy-_Patrick_Niemeyer_9781098145538.epub
2024-12-01 18:01:35,323 - INFO - Found ISBN-13 in content: 9781789616132
2024-12-01 18:01:35,323 - INFO - Found ISBN-13 in content: 9781789616132
2024-12-01 18:01:35,333 - INFO - Found ISBN-13 in content: 9781789616132
2024-12-01 18:01:35,333 - INFO - Found ISBN-10 in content: 9781789616
2024-12-01 18:01:35,375 - INFO - Found ISBN-10 in content: 7742338443
2024-12-01 18:01:35,375 - INFO - Found ISBN-10 in content: 1102733054
2024-12-01 18:01:35,479 - INFO - Found ISBN-10 in content: 6033220602
2024-12-01 18:01:35,480 - INFO - Found ISBN-10 in content: 2670123361
2024-12-01 18:01:35,480 - INFO - Found ISBN-10 in content: 2684179187
2024-12-01 18:01:35,480 - INFO - Found ISBN-10 in content: 6003123012
2024-12-01 18:01:35,483 - INFO - Found ISBN-13 in content: 9788555193149
2024-12-01 18:01:35,484 - INFO - Found ISBN-13 in content: 9788555193125
2024-12-01 18:01:35,484 - INFO - Found ISBN-13 in content: 9788555193149
2024-12-01 18:01:35,484 - INFO - Found ISBN-13 in content: 9788555193125
2024-12-01 18:01:35,484 - INFO - Found ISBN-13 in content: 9788555193149
2024-12-01 18:01:35,484 - INFO - Found ISBN-13 in content: 9788555193125
2024-12-01 18:01:35,484 - INFO - Processed 16 items
2024-12-01 18:01:35,484 - INFO - Found 8 unique ISBNs: ['1102733054', '2670123361', '2684179187', '6003123012', '6033220602', '7742338443', '9788555193125', '9788555193149']
2024-12-01 18:01:35,484 - INFO - Found ISBN in content: 9788555193149
2024-12-01 18:01:35,484 - INFO - Successfully extracted metadata: {'title': 'Series temporais com Prophet: Analise e previsao de dados com Python', 'creator': 'Allan Spadini e Valquiria Alencar', 'isbn': '9788555193149', 'publisher': 'Casa do Código'}
2024-12-01 18:01:35,530 - INFO - Found ISBN-10 in content: 7865167308
2024-12-01 18:01:35,541 - INFO - Found ISBN-10 in content: 8874887488
2024-12-01 18:01:35,541 - INFO - Found ISBN-10 in content: 2961186622
2024-12-01 18:01:35,541 - INFO - Found ISBN-10 in content: 1188118811
2024-12-01 18:01:35,541 - INFO - Found ISBN-10 in content: 1797660478
2024-12-01 18:01:35,625 - INFO - Processing EPUB file: /Users/menon/Downloads/0_teste_livros_scan/OReilly_2023_Learning_Java_Marc_Loy-_Patrick_Niemeyer_9781098145538.epub
2024-12-01 18:01:35,643 - INFO - Found ISBN-13 in content: 9781788836067
2024-12-01 18:01:35,643 - INFO - Found ISBN-13 in content: 9781788398060
2024-12-01 18:01:35,643 - INFO - Found ISBN-13 in content: 9781788836067
2024-12-01 18:01:35,643 - INFO - Found ISBN-13 in content: 9781788398060
2024-12-01 18:01:35,643 - INFO - Found ISBN-13 in content: 9781788836067
2024-12-01 18:01:35,643 - INFO - Found ISBN-13 in content: 9781788398060
2024-12-01 18:01:35,643 - INFO - Found ISBN-10 in content: 9781788836
2024-12-01 18:01:35,643 - INFO - Found ISBN-10 in content: 9781788398
2024-12-01 18:01:35,644 - INFO - Processed 222 items
2024-12-01 18:01:35,644 - INFO - Found 11 unique ISBNs: ['1188118811', '1797660478', '2961186622', '7865167308', '8874887488', '9781788398', '9781788398060', '9781788836', '9781788836067', '9781789616', '9781789616132']
2024-12-01 18:01:35,644 - INFO - Extracting metadata from: /Users/menon/Downloads/0_teste_livros_scan/Packt_2018_Tensorflow_Deep_Learning_Projects_Alberto_Boschetti-_Luca_Massaron_9781788398060.epub
2024-12-01 18:01:35,683 - INFO - Found ISBN-13 in content: 9781098145538
2024-12-01 18:01:35,683 - INFO - Found ISBN-13 in content: 9781098145538
2024-12-01 18:01:35,683 - INFO - Found ISBN-10 in content: 9781098145
2024-12-01 18:01:35,735 - INFO - Found ISBN-13 in content: 9781098145538
2024-12-01 18:01:35,935 - INFO - Found ISBN-10 in content: 1415926535
2024-12-01 18:01:35,935 - INFO - Found ISBN-10 in content: 1415926535
2024-12-01 18:01:35,935 - INFO - Found ISBN-10 in content: 7694409323
2024-12-01 18:01:35,935 - INFO - Found ISBN-10 in content: 0973355292
2024-12-01 18:01:35,935 - INFO - Found ISBN-10 in content: 0973355292
2024-12-01 18:01:35,936 - INFO - Found ISBN-10 in content: 4012345678
2024-12-01 18:01:35,936 - INFO - Found ISBN-10 in content: 4012345678
2024-12-01 18:01:35,936 - INFO - Found ISBN-10 in content: 4123456789
2024-12-01 18:01:35,936 - INFO - Found ISBN-10 in content: 4123456789
2024-12-01 18:01:35,936 - INFO - Found ISBN-10 in content: 4012345678
2024-12-01 18:01:35,936 - INFO - Found ISBN-10 in content: 4012345678
2024-12-01 18:01:35,936 - INFO - Found ISBN-10 in content: 4012345678
2024-12-01 18:01:36,293 - INFO - Found ISBN-10 in content: 9999999999
2024-12-01 18:01:36,293 - INFO - Found ISBN-10 in content: 4142135623
2024-12-01 18:01:36,294 - INFO - Found ISBN-10 in content: 9223372036
2024-12-01 18:01:36,294 - INFO - Found ISBN-10 in content: 9223372036
2024-12-01 18:01:36,294 - INFO - Found ISBN-10 in content: 9223372036
2024-12-01 18:01:36,294 - INFO - Found ISBN-10 in content: 9223372036
2024-12-01 18:01:36,294 - INFO - Found ISBN-10 in content: 1844674407
2024-12-01 18:01:36,294 - INFO - Found ISBN-10 in content: 3709551614
2024-12-01 18:01:36,558 - INFO - Found ISBN-13 in content: 9792082722375
2024-12-01 18:01:36,558 - INFO - Found ISBN-10 in content: 0000000840
2024-12-01 18:01:36,558 - INFO - Found ISBN-10 in content: 0000000840
2024-12-01 18:01:36,558 - INFO - Found ISBN-10 in content: 4895000000
2024-12-01 18:01:36,558 - INFO - Found ISBN-10 in content: 7040000000
2024-12-01 18:01:36,558 - INFO - Found ISBN-10 in content: 6227020800
2024-12-01 18:01:36,558 - INFO - Found ISBN-10 in content: 5109094217
2024-12-01 18:01:36,558 - INFO - Found ISBN-10 in content: 1709440000
2024-12-01 18:01:36,558 - INFO - Found ISBN-10 in content: 9332621544
2024-12-01 18:01:36,558 - INFO - Found ISBN-10 in content: 3944152681
2024-12-01 18:01:36,559 - INFO - Found ISBN-10 in content: 6992388562
2024-12-01 18:01:36,559 - INFO - Found ISBN-10 in content: 6670049071
2024-12-01 18:01:36,559 - INFO - Found ISBN-10 in content: 8162146859
2024-12-01 18:01:36,559 - INFO - Found ISBN-10 in content: 2963895217
2024-12-01 18:01:36,559 - INFO - Found ISBN-10 in content: 5999932299
2024-12-01 18:01:36,559 - INFO - Found ISBN-10 in content: 1560894146
2024-12-01 18:01:36,559 - INFO - Found ISBN-10 in content: 1828625369
2024-12-01 18:01:36,559 - INFO - Found ISBN-10 in content: 7920827223
2024-12-01 18:01:36,559 - INFO - Found ISBN-10 in content: 7582511852
2024-12-01 18:01:36,559 - INFO - Found ISBN-10 in content: 1091686400
2024-12-01 18:01:36,559 - INFO - Found ISBN-10 in content: 0000000000
2024-12-01 18:01:36,559 - INFO - Found ISBN-10 in content: 1800000000
2024-12-01 18:01:36,565 - INFO - Processing EPUB file: /Users/menon/Downloads/0_teste_livros_scan/Packt_2018_Tensorflow_Deep_Learning_Projects_Alberto_Boschetti-_Luca_Massaron_9781788398060.epub
2024-12-01 18:01:36,778 - INFO - Found ISBN-10 in content: 2208988800
2024-12-01 18:01:37,010 - INFO - Processed 24 items
2024-12-01 18:01:37,010 - INFO - Found 34 unique ISBNs: ['0000000000', '0000000840', '0973355292', '1091686400', '1415926535', '1560894146', '1709440000', '1800000000', '1828625369', '1844674407', '2208988800', '2963895217', '3709551614', '3944152681', '4012345678', '4123456789', '4142135623', '4895000000', '5109094217', '5999932299', '6227020800', '6670049071', '6992388562', '7040000000', '7582511852', '7694409323', '7920827223', '8162146859', '9223372036', '9332621544', '9781098145', '9781098145538', '9792082722375', '9999999999']
2024-12-01 18:01:37,032 - INFO - Found ISBN in content: 9781098145538
2024-12-01 18:01:37,032 - INFO - Successfully extracted metadata: {'title': 'Learning Java', 'creator': 'Marc Loy, Patrick Niemeyer, and Daniel Leuck', 'publisher': "O'Reilly Media, Inc.", 'date': '2023-08-23', 'isbn': '9781098145538'}
2024-12-01 18:01:37,051 - INFO - Success: OReilly_2023_Learning_Java_Marc_Loy-_Patrick_Niemeyer_9781098145538
2024-12-01 18:01:37,051 - INFO - Success: No_Starch_Press_2022_Cybersecurity_for_Small_Networks_Seth_Enoka_9781718501485
2024-12-01 18:01:37,115 - INFO - Found ISBN-13 in content: 9781789616132
2024-12-01 18:01:37,115 - INFO - Found ISBN-13 in content: 9781789616132
2024-12-01 18:01:37,124 - INFO - Found ISBN-13 in content: 9781789616132
2024-12-01 18:01:37,124 - INFO - Found ISBN-10 in content: 9781789616
2024-12-01 18:01:37,242 - INFO - Found ISBN-10 in content: 7865167308
2024-12-01 18:01:37,252 - INFO - Found ISBN-10 in content: 8874887488
2024-12-01 18:01:37,252 - INFO - Found ISBN-10 in content: 2961186622
2024-12-01 18:01:37,252 - INFO - Found ISBN-10 in content: 1188118811
2024-12-01 18:01:37,252 - INFO - Found ISBN-10 in content: 1797660478
2024-12-01 18:01:37,347 - INFO - Found ISBN-13 in content: 9781788836067
2024-12-01 18:01:37,347 - INFO - Found ISBN-13 in content: 9781788398060
2024-12-01 18:01:37,347 - INFO - Found ISBN-13 in content: 9781788836067
2024-12-01 18:01:37,347 - INFO - Found ISBN-13 in content: 9781788398060
2024-12-01 18:01:37,347 - INFO - Found ISBN-13 in content: 9781788836067
2024-12-01 18:01:37,347 - INFO - Found ISBN-13 in content: 9781788398060
2024-12-01 18:01:37,347 - INFO - Found ISBN-10 in content: 9781788836
2024-12-01 18:01:37,347 - INFO - Found ISBN-10 in content: 9781788398
2024-12-01 18:01:37,348 - INFO - Processed 222 items
2024-12-01 18:01:37,348 - INFO - Found 11 unique ISBNs: ['1188118811', '1797660478', '2961186622', '7865167308', '8874887488', '9781788398', '9781788398060', '9781788836', '9781788836067', '9781789616', '9781789616132']
2024-12-01 18:01:37,348 - INFO - Found ISBN in content: 9781788836067
2024-12-01 18:01:37,348 - INFO - Successfully extracted metadata: {'title': 'Hands-On Deep Learning for IoT', 'creator': 'Mohammad Abdur Razzaque, PhD', 'publisher': 'Packt', 'date': '2019-06-27T06:26:31Z', 'isbn': '9781788836067'}
2024-12-01 18:01:37,350 - INFO - Success: Packt_2018_Tensorflow_Deep_Learning_Projects_Alberto_Boschetti-_Luca_Massaron_9781788398060
2024-12-01 18:01:37,350 - INFO - Success: series-temporais-com-prophet-analise-e-previsao-de-dados-com-python (1)
2024-12-01 18:01:37,352 - INFO - Reports generated successfully in reports
