2025-09-25 19:45:13,234 - ERROR - isbnlib_desc unexpected error for ISBN 9781835889640: ModuleNotFoundError - No module named 'isbnlib'
2025-09-25 19:45:13,235 - WARNING - API call failed: isbnlib_desc
Average response time: 0.00s
Success rate: 0.0%
2025-09-25 19:45:13,236 - ERROR - isbnlib_info unexpected error for ISBN 9781835889640: ModuleNotFoundError - No module named 'isbnlib'
2025-09-25 19:45:13,236 - WARNING - API call failed: isbnlib_info
Average response time: 0.00s
Success rate: 0.0%
2025-09-25 19:45:13,238 - ERROR - isbnlib_goom unexpected error for ISBN 9781835889640: ModuleNotFoundError - No module named 'isbnlib'
2025-09-25 19:45:13,238 - WARNING - API call failed: isbnlib_goom
Average response time: 0.00s
Success rate: 0.0%
2025-09-25 19:45:13,239 - ERROR - isbnlib_meta unexpected error for ISBN 9781835889640: ModuleNotFoundError - No module named 'isbnlib'
2025-09-25 19:45:13,239 - WARNING - API call failed: isbnlib_meta
Average response time: 0.00s
Success rate: 0.0%
2025-09-25 19:45:14,143 - ERROR - isbnlib_default unexpected error for ISBN 9781835889640: ModuleNotFoundError - No module named 'isbnlib'
2025-09-25 19:45:14,143 - WARNING - API call failed: isbnlib_default
Average response time: 0.00s
Success rate: 0.0%
2025-09-25 19:45:55,575 - ERROR - isbnlib_desc unexpected error for ISBN 9781633438460: ModuleNotFoundError - No module named 'isbnlib'
2025-09-25 19:45:55,575 - WARNING - API call failed: isbnlib_desc
Average response time: 0.00s
Success rate: 33.3%
2025-09-25 19:45:55,576 - ERROR - isbnlib_info unexpected error for ISBN 9781633438460: ModuleNotFoundError - No module named 'isbnlib'
2025-09-25 19:45:55,576 - WARNING - API call failed: isbnlib_info
Average response time: 0.00s
Success rate: 33.3%
2025-09-25 19:45:55,576 - ERROR - isbnlib_goom unexpected error for ISBN 9781633438460: ModuleNotFoundError - No module named 'isbnlib'
2025-09-25 19:45:55,576 - WARNING - API call failed: isbnlib_goom
Average response time: 0.00s
Success rate: 33.3%
2025-09-25 19:45:55,576 - ERROR - isbnlib_meta unexpected error for ISBN 9781633438460: ModuleNotFoundError - No module named 'isbnlib'
2025-09-25 19:45:55,577 - WARNING - API call failed: isbnlib_meta
Average response time: 0.00s
Success rate: 33.3%
2025-09-25 19:45:56,046 - ERROR - isbnlib_default unexpected error for ISBN 9781633438460: ModuleNotFoundError - No module named 'isbnlib'
2025-09-25 19:45:56,046 - WARNING - API call failed: isbnlib_default
Average response time: 0.00s
Success rate: 33.3%
2025-09-25 19:46:01,552 - ERROR - isbnlib_desc unexpected error for ISBN 9781617294310: ModuleNotFoundError - No module named 'isbnlib'
2025-09-25 19:46:01,553 - WARNING - API call failed: isbnlib_desc
Average response time: 0.00s
Success rate: 40.0%
2025-09-25 19:46:01,555 - ERROR - isbnlib_info unexpected error for ISBN 9781617294310: ModuleNotFoundError - No module named 'isbnlib'
2025-09-25 19:46:01,555 - WARNING - API call failed: isbnlib_info
Average response time: 0.00s
Success rate: 40.0%
2025-09-25 19:46:01,556 - ERROR - isbnlib_goom unexpected error for ISBN 9781617294310: ModuleNotFoundError - No module named 'isbnlib'
2025-09-25 19:46:01,556 - WARNING - API call failed: isbnlib_goom
Average response time: 0.00s
Success rate: 40.0%
2025-09-25 19:46:01,557 - ERROR - isbnlib_meta unexpected error for ISBN 9781617294310: ModuleNotFoundError - No module named 'isbnlib'
2025-09-25 19:46:01,558 - WARNING - API call failed: isbnlib_meta
Average response time: 0.00s
Success rate: 40.0%
2025-09-25 19:46:01,891 - ERROR - isbnlib_default unexpected error for ISBN 9781617294310: ModuleNotFoundError - No module named 'isbnlib'
2025-09-25 19:46:01,891 - WARNING - API call failed: isbnlib_default
Average response time: 0.00s
Success rate: 40.0%
2025-09-25 19:46:04,055 - ERROR - isbnlib_desc unexpected error for ISBN 9781633439351: ModuleNotFoundError - No module named 'isbnlib'
2025-09-25 19:46:04,056 - WARNING - API call failed: isbnlib_desc
Average response time: 0.00s
Success rate: 42.9%
2025-09-25 19:46:04,057 - ERROR - isbnlib_info unexpected error for ISBN 9781633439351: ModuleNotFoundError - No module named 'isbnlib'
2025-09-25 19:46:04,058 - WARNING - API call failed: isbnlib_info
Average response time: 0.00s
Success rate: 42.9%
2025-09-25 19:46:04,058 - ERROR - isbnlib_goom unexpected error for ISBN 9781633439351: ModuleNotFoundError - No module named 'isbnlib'
2025-09-25 19:46:04,059 - WARNING - API call failed: isbnlib_goom
Average response time: 0.00s
Success rate: 42.9%
2025-09-25 19:46:04,060 - ERROR - isbnlib_desc unexpected error for ISBN 9781633437777: ModuleNotFoundError - No module named 'isbnlib'
2025-09-25 19:46:04,060 - WARNING - API call failed: isbnlib_desc
Average response time: 0.00s
Success rate: 44.4%
2025-09-25 19:46:04,061 - ERROR - isbnlib_desc unexpected error for ISBN 9781617299681: ModuleNotFoundError - No module named 'isbnlib'
2025-09-25 19:46:04,061 - WARNING - API call failed: isbnlib_desc
Average response time: 0.00s
Success rate: 40.0%
2025-09-25 19:46:04,062 - ERROR - isbnlib_meta unexpected error for ISBN 9781633439351: ModuleNotFoundError - No module named 'isbnlib'
2025-09-25 19:46:04,062 - WARNING - API call failed: isbnlib_meta
Average response time: 0.00s
Success rate: 42.9%
2025-09-25 19:46:04,403 - ERROR - isbnlib_default unexpected error for ISBN 9781633439351: ModuleNotFoundError - No module named 'isbnlib'
2025-09-25 19:46:04,404 - WARNING - API call failed: isbnlib_default
Average response time: 0.00s
Success rate: 42.9%
2025-09-25 19:46:07,064 - ERROR - isbnlib_info unexpected error for ISBN 9781633437777: ModuleNotFoundError - No module named 'isbnlib'
2025-09-25 19:46:07,064 - ERROR - isbnlib_info unexpected error for ISBN 9781617299681: ModuleNotFoundError - No module named 'isbnlib'
2025-09-25 19:46:07,065 - WARNING - API call failed: isbnlib_info
Average response time: 0.00s
Success rate: 44.4%
2025-09-25 19:46:07,065 - WARNING - API call failed: isbnlib_info
Average response time: 0.00s
Success rate: 40.0%
2025-09-25 19:46:07,066 - ERROR - isbnlib_goom unexpected error for ISBN 9781633437777: ModuleNotFoundError - No module named 'isbnlib'
2025-09-25 19:46:07,067 - WARNING - API call failed: isbnlib_goom
Average response time: 0.00s
Success rate: 44.4%
2025-09-25 19:46:07,068 - ERROR - isbnlib_meta unexpected error for ISBN 9781633437777: ModuleNotFoundError - No module named 'isbnlib'
2025-09-25 19:46:07,068 - WARNING - API call failed: isbnlib_meta
Average response time: 0.00s
Success rate: 44.4%
2025-09-25 19:46:07,419 - ERROR - isbnlib_default unexpected error for ISBN 9781633437777: ModuleNotFoundError - No module named 'isbnlib'
2025-09-25 19:46:07,419 - WARNING - API call failed: isbnlib_default
Average response time: 0.00s
Success rate: 44.4%
2025-09-25 19:46:08,072 - ERROR - isbnlib_desc unexpected error for ISBN 9781617294327: ModuleNotFoundError - No module named 'isbnlib'
2025-09-25 19:46:08,073 - WARNING - API call failed: isbnlib_desc
Average response time: 0.00s
Success rate: 46.2%
2025-09-25 19:46:08,073 - ERROR - isbnlib_desc unexpected error for ISBN 9781633439719: ModuleNotFoundError - No module named 'isbnlib'
2025-09-25 19:46:08,074 - WARNING - API call failed: isbnlib_desc
Average response time: 0.00s
Success rate: 42.9%
2025-09-25 19:46:10,572 - ERROR - isbnlib_goom unexpected error for ISBN 9781617299681: ModuleNotFoundError - No module named 'isbnlib'
2025-09-25 19:46:10,573 - WARNING - API call failed: isbnlib_goom
Average response time: 0.00s
Success rate: 45.5%
2025-09-25 19:46:10,574 - ERROR - isbnlib_meta unexpected error for ISBN 9781617299681: ModuleNotFoundError - No module named 'isbnlib'
2025-09-25 19:46:10,574 - WARNING - API call failed: isbnlib_meta
Average response time: 0.00s
Success rate: 45.5%
2025-09-25 19:46:10,575 - ERROR - loc unexpected error for ISBN 9781617299681: KeyError - 'retries'
2025-09-25 19:46:10,575 - WARNING - API call failed: loc
Average response time: 0.42s
Success rate: 90.9%
2025-09-25 19:46:10,926 - ERROR - isbnlib_default unexpected error for ISBN 9781617299681: ModuleNotFoundError - No module named 'isbnlib'
2025-09-25 19:46:10,926 - WARNING - API call failed: isbnlib_default
Average response time: 0.00s
Success rate: 45.5%
2025-09-25 19:46:11,073 - ERROR - isbnlib_info unexpected error for ISBN 9781633439719: ModuleNotFoundError - No module named 'isbnlib'
2025-09-25 19:46:11,073 - WARNING - API call failed: isbnlib_info
Average response time: 0.00s
Success rate: 46.2%
2025-09-25 19:46:11,074 - ERROR - isbnlib_info unexpected error for ISBN 9781617294327: ModuleNotFoundError - No module named 'isbnlib'
2025-09-25 19:46:11,074 - WARNING - API call failed: isbnlib_info
Average response time: 0.00s
Success rate: 42.9%
2025-09-25 19:46:13,081 - ERROR - isbnlib_desc unexpected error for ISBN 9455463180: ModuleNotFoundError - No module named 'isbnlib'
2025-09-25 19:46:13,081 - WARNING - API call failed: isbnlib_desc
Average response time: 0.00s
Success rate: 47.1%
2025-09-25 19:46:13,082 - ERROR - isbnlib_desc unexpected error for ISBN 9781617294181: ModuleNotFoundError - No module named 'isbnlib'
2025-09-25 19:46:13,082 - WARNING - API call failed: isbnlib_desc
Average response time: 0.00s
Success rate: 44.4%
2025-09-25 19:46:14,579 - ERROR - isbnlib_goom unexpected error for ISBN 9781617294327: ModuleNotFoundError - No module named 'isbnlib'
2025-09-25 19:46:14,579 - WARNING - API call failed: isbnlib_goom
Average response time: 0.00s
Success rate: 46.2%
2025-09-25 19:46:14,580 - ERROR - isbnlib_goom unexpected error for ISBN 9781633439719: ModuleNotFoundError - No module named 'isbnlib'
2025-09-25 19:46:14,580 - WARNING - API call failed: isbnlib_goom
Average response time: 0.00s
Success rate: 42.9%
2025-09-25 19:46:14,581 - ERROR - isbnlib_meta unexpected error for ISBN 9781633439719: ModuleNotFoundError - No module named 'isbnlib'
2025-09-25 19:46:14,581 - WARNING - API call failed: isbnlib_meta
Average response time: 0.00s
Success rate: 46.2%
2025-09-25 19:46:14,584 - ERROR - loc unexpected error for ISBN 9781633439719: KeyError - 'retries'
2025-09-25 19:46:14,584 - WARNING - API call failed: loc
Average response time: 0.36s
Success rate: 84.6%
2025-09-25 19:46:14,931 - ERROR - isbnlib_default unexpected error for ISBN 9781633439719: ModuleNotFoundError - No module named 'isbnlib'
2025-09-25 19:46:14,931 - WARNING - API call failed: isbnlib_default
Average response time: 0.00s
Success rate: 46.2%
2025-09-25 19:46:16,083 - ERROR - isbnlib_info unexpected error for ISBN 9455463180: ModuleNotFoundError - No module named 'isbnlib'
2025-09-25 19:46:16,105 - WARNING - API call failed: isbnlib_info
Average response time: 0.00s
Success rate: 47.1%
2025-09-25 19:46:16,105 - ERROR - isbnlib_info unexpected error for ISBN 9781617294181: ModuleNotFoundError - No module named 'isbnlib'
2025-09-25 19:46:16,118 - WARNING - API call failed: isbnlib_info
Average response time: 0.00s
Success rate: 44.4%
2025-09-25 19:46:19,090 - ERROR - isbnlib_meta unexpected error for ISBN 9781617294327: ModuleNotFoundError - No module named 'isbnlib'
2025-09-25 19:46:19,090 - WARNING - API call failed: isbnlib_meta
Average response time: 0.00s
Success rate: 46.7%
2025-09-25 19:46:19,480 - ERROR - isbnlib_default unexpected error for ISBN 9781617294327: ModuleNotFoundError - No module named 'isbnlib'
2025-09-25 19:46:19,481 - WARNING - API call failed: isbnlib_default
Average response time: 0.00s
Success rate: 46.7%
2025-09-25 19:46:19,589 - ERROR - isbnlib_goom unexpected error for ISBN 9781617294181: ModuleNotFoundError - No module named 'isbnlib'
2025-09-25 19:46:19,589 - ERROR - isbnlib_goom unexpected error for ISBN 9455463180: ModuleNotFoundError - No module named 'isbnlib'
2025-09-25 19:46:19,589 - WARNING - API call failed: isbnlib_goom
Average response time: 0.00s
Success rate: 47.1%
2025-09-25 19:46:19,590 - WARNING - API call failed: isbnlib_goom
Average response time: 0.00s
Success rate: 44.4%
2025-09-25 19:46:20,564 - ERROR - isbnlib_desc unexpected error for ISBN 9781633439696: ModuleNotFoundError - No module named 'isbnlib'
2025-09-25 19:46:20,564 - WARNING - API call failed: isbnlib_desc
Average response time: 0.00s
Success rate: 47.6%
2025-09-25 19:46:22,165 - ERROR - isbnlib_info unexpected error for ISBN 9781633439696: ModuleNotFoundError - No module named 'isbnlib'
2025-09-25 19:46:22,166 - WARNING - API call failed: isbnlib_info
Average response time: 0.01s
Success rate: 47.6%
2025-09-25 19:46:24,121 - ERROR - isbnlib_meta unexpected error for ISBN 9455463180: ModuleNotFoundError - No module named 'isbnlib'
2025-09-25 19:46:24,121 - WARNING - API call failed: isbnlib_meta
Average response time: 0.00s
Success rate: 47.1%
2025-09-25 19:46:24,122 - ERROR - isbnlib_meta unexpected error for ISBN 9781617294181: ModuleNotFoundError - No module named 'isbnlib'
2025-09-25 19:46:24,122 - WARNING - API call failed: isbnlib_meta
Average response time: 0.00s
Success rate: 44.4%
2025-09-25 19:46:24,483 - ERROR - isbnlib_default unexpected error for ISBN 9455463180: ModuleNotFoundError - No module named 'isbnlib'
2025-09-25 19:46:24,483 - WARNING - API call failed: isbnlib_default
Average response time: 0.00s
Success rate: 47.1%
2025-09-25 19:46:25,593 - ERROR - isbnlib_goom unexpected error for ISBN 9781633439696: ModuleNotFoundError - No module named 'isbnlib'
2025-09-25 19:46:25,594 - WARNING - API call failed: isbnlib_goom
Average response time: 0.00s
Success rate: 47.6%
2025-09-25 19:46:27,071 - ERROR - isbnlib_desc unexpected error for ISBN 9781617296581: ModuleNotFoundError - No module named 'isbnlib'
2025-09-25 19:46:27,071 - WARNING - API call failed: isbnlib_desc
Average response time: 0.00s
Success rate: 47.8%
2025-09-25 19:46:27,072 - ERROR - isbnlib_desc unexpected error for ISBN 9789455463189: ModuleNotFoundError - No module named 'isbnlib'
2025-09-25 19:46:27,072 - WARNING - API call failed: isbnlib_desc
Average response time: 0.00s
Success rate: 45.8%
2025-09-25 19:46:28,670 - ERROR - isbnlib_info unexpected error for ISBN 9789455463189: ModuleNotFoundError - No module named 'isbnlib'
2025-09-25 19:46:28,671 - WARNING - API call failed: isbnlib_info
Average response time: 0.01s
Success rate: 47.8%
2025-09-25 19:46:28,672 - ERROR - isbnlib_info unexpected error for ISBN 9781617296581: ModuleNotFoundError - No module named 'isbnlib'
2025-09-25 19:46:28,672 - WARNING - API call failed: isbnlib_info
Average response time: 0.01s
Success rate: 45.8%
2025-09-25 19:46:29,989 - ERROR - isbnlib_default unexpected error for ISBN 9781617294181: ModuleNotFoundError - No module named 'isbnlib'
2025-09-25 19:46:29,990 - WARNING - API call failed: isbnlib_default
Average response time: 0.00s
Success rate: 47.4%
2025-09-25 19:46:30,127 - ERROR - isbnlib_meta unexpected error for ISBN 9781633439696: ModuleNotFoundError - No module named 'isbnlib'
2025-09-25 19:46:30,128 - WARNING - API call failed: isbnlib_meta
Average response time: 0.00s
Success rate: 47.6%
2025-09-25 19:46:32,099 - ERROR - isbnlib_goom unexpected error for ISBN 9781617296581: ModuleNotFoundError - No module named 'isbnlib'
2025-09-25 19:46:32,100 - ERROR - isbnlib_goom unexpected error for ISBN 9789455463189: ModuleNotFoundError - No module named 'isbnlib'
2025-09-25 19:46:32,100 - WARNING - API call failed: isbnlib_goom
Average response time: 0.00s
Success rate: 47.8%
2025-09-25 19:46:32,100 - WARNING - API call failed: isbnlib_goom
Average response time: 0.00s
Success rate: 45.8%
2025-09-25 19:46:34,577 - ERROR - isbnlib_desc unexpected error for ISBN 9781617295591: ModuleNotFoundError - No module named 'isbnlib'
2025-09-25 19:46:34,578 - WARNING - API call failed: isbnlib_desc
Average response time: 0.00s
Success rate: 48.1%
2025-09-25 19:46:35,997 - ERROR - isbnlib_default unexpected error for ISBN 9781633439696: ModuleNotFoundError - No module named 'isbnlib'
2025-09-25 19:46:35,998 - WARNING - API call failed: isbnlib_default
Average response time: 0.00s
Success rate: 47.6%
2025-09-25 19:46:36,175 - ERROR - isbnlib_info unexpected error for ISBN 9781617295591: ModuleNotFoundError - No module named 'isbnlib'
2025-09-25 19:46:36,176 - WARNING - API call failed: isbnlib_info
Average response time: 0.01s
Success rate: 48.1%
2025-09-25 19:46:36,633 - ERROR - isbnlib_meta unexpected error for ISBN 9781617296581: ModuleNotFoundError - No module named 'isbnlib'
2025-09-25 19:46:36,634 - WARNING - API call failed: isbnlib_meta
Average response time: 0.00s
Success rate: 47.8%
2025-09-25 19:46:36,635 - ERROR - isbnlib_meta unexpected error for ISBN 9789455463189: ModuleNotFoundError - No module named 'isbnlib'
2025-09-25 19:46:36,636 - WARNING - API call failed: isbnlib_meta
Average response time: 0.00s
Success rate: 45.8%
2025-09-25 19:46:36,637 - ERROR - loc unexpected error for ISBN 9781617296581: KeyError - 'retries'
2025-09-25 19:46:36,637 - WARNING - API call failed: loc
Average response time: 0.37s
Success rate: 87.0%
2025-09-25 19:46:39,597 - ERROR - isbnlib_goom unexpected error for ISBN 9781617295591: ModuleNotFoundError - No module named 'isbnlib'
2025-09-25 19:46:39,598 - WARNING - API call failed: isbnlib_goom
Average response time: 0.00s
Success rate: 48.1%
2025-09-25 19:46:42,490 - ERROR - isbnlib_default unexpected error for ISBN 9781617296581: ModuleNotFoundError - No module named 'isbnlib'
2025-09-25 19:46:42,490 - WARNING - API call failed: isbnlib_default
Average response time: 0.00s
Success rate: 47.8%
2025-09-25 19:46:42,498 - ERROR - isbnlib_default unexpected error for ISBN 9789455463189: ModuleNotFoundError - No module named 'isbnlib'
2025-09-25 19:46:42,499 - WARNING - API call failed: isbnlib_default
Average response time: 0.00s
Success rate: 48.0%
2025-09-25 19:46:42,567 - ERROR - isbnlib_desc unexpected error for ISBN 9781617296628: ModuleNotFoundError - No module named 'isbnlib'
2025-09-25 19:46:42,568 - WARNING - API call failed: isbnlib_desc
Average response time: 0.00s
Success rate: 48.3%
2025-09-25 19:46:44,133 - ERROR - isbnlib_meta unexpected error for ISBN 9781617295591: ModuleNotFoundError - No module named 'isbnlib'
2025-09-25 19:46:44,135 - WARNING - API call failed: isbnlib_meta
Average response time: 0.00s
Success rate: 48.1%
2025-09-25 19:46:44,175 - ERROR - isbnlib_info unexpected error for ISBN 9781617296628: ModuleNotFoundError - No module named 'isbnlib'
2025-09-25 19:46:44,176 - WARNING - API call failed: isbnlib_info
Average response time: 0.00s
Success rate: 48.3%
2025-09-25 19:46:47,599 - ERROR - isbnlib_goom unexpected error for ISBN 9781617296628: ModuleNotFoundError - No module named 'isbnlib'
2025-09-25 19:46:47,600 - WARNING - API call failed: isbnlib_goom
Average response time: 0.00s
Success rate: 48.3%
2025-09-25 19:46:49,998 - ERROR - isbnlib_default unexpected error for ISBN 9781617295591: ModuleNotFoundError - No module named 'isbnlib'
2025-09-25 19:46:49,999 - WARNING - API call failed: isbnlib_default
Average response time: 0.00s
Success rate: 48.1%
2025-09-25 19:46:51,063 - ERROR - isbnlib_desc unexpected error for ISBN 0501157166: ModuleNotFoundError - No module named 'isbnlib'
2025-09-25 19:46:51,064 - WARNING - API call failed: isbnlib_desc
Average response time: 0.00s
Success rate: 48.4%
2025-09-25 19:46:51,064 - ERROR - isbnlib_desc unexpected error for ISBN 0474200027: ModuleNotFoundError - No module named 'isbnlib'
2025-09-25 19:46:51,065 - WARNING - API call failed: isbnlib_desc
Average response time: 0.00s
Success rate: 46.9%
2025-09-25 19:46:52,136 - ERROR - isbnlib_meta unexpected error for ISBN 9781617296628: ModuleNotFoundError - No module named 'isbnlib'
2025-09-25 19:46:52,136 - WARNING - API call failed: isbnlib_meta
Average response time: 0.00s
Success rate: 48.3%
2025-09-25 19:46:52,677 - ERROR - isbnlib_info unexpected error for ISBN 0501157166: ModuleNotFoundError - No module named 'isbnlib'
2025-09-25 19:46:52,678 - WARNING - API call failed: isbnlib_info
Average response time: 0.00s
Success rate: 48.4%
2025-09-25 19:46:52,677 - ERROR - isbnlib_info unexpected error for ISBN 0474200027: ModuleNotFoundError - No module named 'isbnlib'
2025-09-25 19:46:52,679 - WARNING - API call failed: isbnlib_info
Average response time: 0.00s
Success rate: 46.9%
2025-09-25 19:46:56,100 - ERROR - isbnlib_goom unexpected error for ISBN 0501157166: ModuleNotFoundError - No module named 'isbnlib'
2025-09-25 19:46:56,101 - WARNING - API call failed: isbnlib_goom
Average response time: 0.00s
Success rate: 48.4%
2025-09-25 19:46:56,103 - ERROR - isbnlib_goom unexpected error for ISBN 0474200027: ModuleNotFoundError - No module named 'isbnlib'
2025-09-25 19:46:56,104 - WARNING - API call failed: isbnlib_goom
Average response time: 0.00s
Success rate: 48.5%
2025-09-25 19:46:58,001 - ERROR - isbnlib_default unexpected error for ISBN 9781617296628: ModuleNotFoundError - No module named 'isbnlib'
2025-09-25 19:46:58,001 - WARNING - API call failed: isbnlib_default
Average response time: 0.00s
Success rate: 48.3%
2025-09-25 19:47:00,564 - ERROR - isbnlib_desc unexpected error for ISBN 9781617297182: ModuleNotFoundError - No module named 'isbnlib'
2025-09-25 19:47:00,566 - WARNING - API call failed: isbnlib_desc
Average response time: 0.00s
Success rate: 48.6%
2025-09-25 19:47:00,570 - ERROR - isbnlib_desc unexpected error for ISBN 9781617297106: ModuleNotFoundError - No module named 'isbnlib'
2025-09-25 19:47:00,571 - WARNING - API call failed: isbnlib_desc
Average response time: 0.00s
Success rate: 48.6%
2025-09-25 19:47:00,639 - ERROR - isbnlib_meta unexpected error for ISBN 0474200027: ModuleNotFoundError - No module named 'isbnlib'
2025-09-25 19:47:00,640 - ERROR - isbnlib_meta unexpected error for ISBN 0501157166: ModuleNotFoundError - No module named 'isbnlib'
2025-09-25 19:47:00,640 - WARNING - API call failed: isbnlib_meta
Average response time: 0.00s
Success rate: 48.4%
2025-09-25 19:47:00,641 - WARNING - API call failed: isbnlib_meta
Average response time: 0.00s
Success rate: 46.9%
2025-09-25 19:47:02,183 - ERROR - isbnlib_info unexpected error for ISBN 9781617297182: ModuleNotFoundError - No module named 'isbnlib'
2025-09-25 19:47:02,183 - WARNING - API call failed: isbnlib_info
Average response time: 0.00s
Success rate: 48.6%
2025-09-25 19:47:02,185 - ERROR - isbnlib_info unexpected error for ISBN 9781617297106: ModuleNotFoundError - No module named 'isbnlib'
2025-09-25 19:47:02,185 - WARNING - API call failed: isbnlib_info
Average response time: 0.00s
Success rate: 48.6%
2025-09-25 19:47:05,604 - ERROR - isbnlib_goom unexpected error for ISBN 9781617297106: ModuleNotFoundError - No module named 'isbnlib'
2025-09-25 19:47:05,605 - WARNING - API call failed: isbnlib_goom
Average response time: 0.00s
Success rate: 48.6%
2025-09-25 19:47:05,609 - ERROR - isbnlib_goom unexpected error for ISBN 9781617297182: ModuleNotFoundError - No module named 'isbnlib'
2025-09-25 19:47:05,609 - WARNING - API call failed: isbnlib_goom
Average response time: 0.00s
Success rate: 48.6%
2025-09-25 19:47:06,506 - ERROR - isbnlib_default unexpected error for ISBN 0501157166: ModuleNotFoundError - No module named 'isbnlib'
2025-09-25 19:47:06,507 - ERROR - isbnlib_default unexpected error for ISBN 0474200027: ModuleNotFoundError - No module named 'isbnlib'
2025-09-25 19:47:06,508 - WARNING - API call failed: isbnlib_default
Average response time: 0.00s
Success rate: 48.4%
2025-09-25 19:47:06,509 - WARNING - API call failed: isbnlib_default
Average response time: 0.00s
Success rate: 46.9%
2025-09-25 19:47:10,145 - ERROR - isbnlib_meta unexpected error for ISBN 9781617297106: ModuleNotFoundError - No module named 'isbnlib'
2025-09-25 19:47:10,146 - WARNING - API call failed: isbnlib_meta
Average response time: 0.00s
Success rate: 48.6%
2025-09-25 19:47:10,147 - ERROR - isbnlib_meta unexpected error for ISBN 9781617297182: ModuleNotFoundError - No module named 'isbnlib'
2025-09-25 19:47:10,148 - WARNING - API call failed: isbnlib_meta
Average response time: 0.00s
Success rate: 47.2%
2025-09-25 19:47:10,148 - ERROR - loc unexpected error for ISBN 9781617297106: KeyError - 'retries'
2025-09-25 19:47:10,149 - WARNING - API call failed: loc
Average response time: 0.34s
Success rate: 88.6%
2025-09-25 19:47:11,072 - ERROR - isbnlib_desc unexpected error for ISBN 9780474200021: ModuleNotFoundError - No module named 'isbnlib'
2025-09-25 19:47:11,073 - ERROR - isbnlib_desc unexpected error for ISBN 9781617297014: ModuleNotFoundError - No module named 'isbnlib'
2025-09-25 19:47:11,074 - WARNING - API call failed: isbnlib_desc
Average response time: 0.00s
Success rate: 48.7%
2025-09-25 19:47:11,074 - WARNING - API call failed: isbnlib_desc
Average response time: 0.00s
Success rate: 47.5%
2025-09-25 19:47:12,688 - ERROR - isbnlib_info unexpected error for ISBN 9780474200021: ModuleNotFoundError - No module named 'isbnlib'
2025-09-25 19:47:12,689 - WARNING - API call failed: isbnlib_info
Average response time: 0.00s
Success rate: 48.7%
2025-09-25 19:47:12,690 - ERROR - isbnlib_info unexpected error for ISBN 9781617297014: ModuleNotFoundError - No module named 'isbnlib'
2025-09-25 19:47:12,690 - WARNING - API call failed: isbnlib_info
Average response time: 0.00s
Success rate: 47.5%
2025-09-25 19:47:16,017 - ERROR - isbnlib_default unexpected error for ISBN 9781617297106: ModuleNotFoundError - No module named 'isbnlib'
2025-09-25 19:47:16,018 - WARNING - API call failed: isbnlib_default
Average response time: 0.00s
Success rate: 48.6%
2025-09-25 19:47:16,020 - ERROR - isbnlib_default unexpected error for ISBN 9781617297182: ModuleNotFoundError - No module named 'isbnlib'
2025-09-25 19:47:16,022 - WARNING - API call failed: isbnlib_default
Average response time: 0.00s
Success rate: 48.6%
2025-09-25 19:47:16,113 - ERROR - isbnlib_goom unexpected error for ISBN 9780474200021: ModuleNotFoundError - No module named 'isbnlib'
2025-09-25 19:47:16,114 - WARNING - API call failed: isbnlib_goom
Average response time: 0.00s
Success rate: 48.7%
2025-09-25 19:47:16,114 - ERROR - isbnlib_goom unexpected error for ISBN 9781617297014: ModuleNotFoundError - No module named 'isbnlib'
2025-09-25 19:47:16,115 - WARNING - API call failed: isbnlib_goom
Average response time: 0.00s
Success rate: 47.5%
2025-09-25 19:47:20,654 - ERROR - isbnlib_meta unexpected error for ISBN 9781617297014: ModuleNotFoundError - No module named 'isbnlib'
2025-09-25 19:47:20,654 - ERROR - isbnlib_meta unexpected error for ISBN 9780474200021: ModuleNotFoundError - No module named 'isbnlib'
2025-09-25 19:47:20,655 - WARNING - API call failed: isbnlib_meta
Average response time: 0.00s
Success rate: 48.7%
2025-09-25 19:47:20,656 - WARNING - API call failed: isbnlib_meta
Average response time: 0.00s
Success rate: 47.5%
2025-09-25 19:47:22,581 - ERROR - isbnlib_desc unexpected error for ISBN 9781617295089: ModuleNotFoundError - No module named 'isbnlib'
2025-09-25 19:47:22,582 - ERROR - isbnlib_desc unexpected error for ISBN 9781617296994: ModuleNotFoundError - No module named 'isbnlib'
2025-09-25 19:47:22,583 - WARNING - API call failed: isbnlib_desc
Average response time: 0.00s
Success rate: 48.8%
2025-09-25 19:47:22,583 - WARNING - API call failed: isbnlib_desc
Average response time: 0.00s
Success rate: 47.7%
2025-09-25 19:47:24,195 - ERROR - isbnlib_info unexpected error for ISBN 9781617296994: ModuleNotFoundError - No module named 'isbnlib'
2025-09-25 19:47:24,196 - WARNING - API call failed: isbnlib_info
Average response time: 0.00s
Success rate: 48.8%
2025-09-25 19:47:24,197 - ERROR - isbnlib_info unexpected error for ISBN 9781617295089: ModuleNotFoundError - No module named 'isbnlib'
2025-09-25 19:47:24,198 - WARNING - API call failed: isbnlib_info
Average response time: 0.00s
Success rate: 47.7%
2025-09-25 19:47:26,530 - ERROR - isbnlib_default unexpected error for ISBN 9780474200021: ModuleNotFoundError - No module named 'isbnlib'
2025-09-25 19:47:26,531 - ERROR - isbnlib_default unexpected error for ISBN 9781617297014: ModuleNotFoundError - No module named 'isbnlib'
2025-09-25 19:47:26,531 - WARNING - API call failed: isbnlib_default
Average response time: 0.00s
Success rate: 48.7%
2025-09-25 19:47:26,532 - WARNING - API call failed: isbnlib_default
Average response time: 0.00s
Success rate: 47.5%
2025-09-25 19:47:27,617 - ERROR - isbnlib_goom unexpected error for ISBN 9781617296994: ModuleNotFoundError - No module named 'isbnlib'
2025-09-25 19:47:27,618 - WARNING - API call failed: isbnlib_goom
Average response time: 0.00s
Success rate: 48.8%
2025-09-25 19:47:27,621 - ERROR - isbnlib_goom unexpected error for ISBN 9781617295089: ModuleNotFoundError - No module named 'isbnlib'
2025-09-25 19:47:27,623 - WARNING - API call failed: isbnlib_goom
Average response time: 0.00s
Success rate: 48.9%
2025-09-25 19:47:32,161 - ERROR - isbnlib_meta unexpected error for ISBN 9781617296994: ModuleNotFoundError - No module named 'isbnlib'
2025-09-25 19:47:32,162 - WARNING - API call failed: isbnlib_meta
Average response time: 0.00s
Success rate: 48.8%
2025-09-25 19:47:32,163 - ERROR - loc unexpected error for ISBN 9781617296994: KeyError - 'retries'
2025-09-25 19:47:32,163 - WARNING - API call failed: loc
Average response time: 0.32s
Success rate: 88.4%
2025-09-25 19:47:32,163 - ERROR - isbnlib_meta unexpected error for ISBN 9781617295089: ModuleNotFoundError - No module named 'isbnlib'
2025-09-25 19:47:32,164 - WARNING - API call failed: isbnlib_meta
Average response time: 0.00s
Success rate: 48.9%
2025-09-25 19:47:35,090 - ERROR - isbnlib_desc unexpected error for ISBN 9455463180: ModuleNotFoundError - No module named 'isbnlib'
2025-09-25 19:47:35,090 - WARNING - API call failed: isbnlib_desc
Average response time: 0.00s
Success rate: 48.9%
2025-09-25 19:47:35,091 - ERROR - isbnlib_desc unexpected error for ISBN 9781617299346: ModuleNotFoundError - No module named 'isbnlib'
2025-09-25 19:47:35,092 - WARNING - API call failed: isbnlib_desc
Average response time: 0.00s
Success rate: 47.9%
2025-09-25 19:47:36,699 - ERROR - isbnlib_info unexpected error for ISBN 9781617299346: ModuleNotFoundError - No module named 'isbnlib'
2025-09-25 19:47:36,700 - WARNING - API call failed: isbnlib_info
Average response time: 0.00s
Success rate: 48.9%
2025-09-25 19:47:36,703 - ERROR - isbnlib_info unexpected error for ISBN 9455463180: ModuleNotFoundError - No module named 'isbnlib'
2025-09-25 19:47:36,704 - WARNING - API call failed: isbnlib_info
Average response time: 0.00s
Success rate: 49.0%
2025-09-25 19:47:38,038 - ERROR - isbnlib_default unexpected error for ISBN 9781617296994: ModuleNotFoundError - No module named 'isbnlib'
2025-09-25 19:47:38,040 - WARNING - API call failed: isbnlib_default
Average response time: 0.00s
Success rate: 48.8%
2025-09-25 19:47:38,041 - ERROR - isbnlib_default unexpected error for ISBN 9781617295089: ModuleNotFoundError - No module named 'isbnlib'
2025-09-25 19:47:38,041 - WARNING - API call failed: isbnlib_default
Average response time: 0.00s
Success rate: 47.7%
2025-09-25 19:47:40,146 - ERROR - isbnlib_goom unexpected error for ISBN 9781617299346: ModuleNotFoundError - No module named 'isbnlib'
2025-09-25 19:47:40,146 - WARNING - API call failed: isbnlib_goom
Average response time: 0.00s
Success rate: 48.9%
2025-09-25 19:47:40,147 - ERROR - isbnlib_goom unexpected error for ISBN 9455463180: ModuleNotFoundError - No module named 'isbnlib'
2025-09-25 19:47:40,147 - WARNING - API call failed: isbnlib_goom
Average response time: 0.00s
Success rate: 47.9%
2025-09-25 19:47:44,670 - ERROR - isbnlib_meta unexpected error for ISBN 9455463180: ModuleNotFoundError - No module named 'isbnlib'
2025-09-25 19:47:44,671 - ERROR - isbnlib_meta unexpected error for ISBN 9781617299346: ModuleNotFoundError - No module named 'isbnlib'
2025-09-25 19:47:44,672 - WARNING - API call failed: isbnlib_meta
Average response time: 0.00s
Success rate: 48.9%
2025-09-25 19:47:44,673 - WARNING - API call failed: isbnlib_meta
Average response time: 0.00s
Success rate: 47.9%
2025-09-25 19:47:48,596 - ERROR - isbnlib_desc unexpected error for ISBN 9781617295539: ModuleNotFoundError - No module named 'isbnlib'
2025-09-25 19:47:48,597 - WARNING - API call failed: isbnlib_desc
Average response time: 0.00s
Success rate: 49.0%
2025-09-25 19:47:48,598 - ERROR - isbnlib_desc unexpected error for ISBN 9781617294877: ModuleNotFoundError - No module named 'isbnlib'
2025-09-25 19:47:48,598 - WARNING - API call failed: isbnlib_desc
Average response time: 0.00s
Success rate: 48.1%
2025-09-25 19:47:50,211 - ERROR - isbnlib_info unexpected error for ISBN 9781617294877: ModuleNotFoundError - No module named 'isbnlib'
2025-09-25 19:47:50,211 - ERROR - isbnlib_info unexpected error for ISBN 9781617295539: ModuleNotFoundError - No module named 'isbnlib'
2025-09-25 19:47:50,212 - WARNING - API call failed: isbnlib_info
Average response time: 0.00s
Success rate: 49.0%
2025-09-25 19:47:50,212 - WARNING - API call failed: isbnlib_info
Average response time: 0.00s
Success rate: 48.1%
2025-09-25 19:47:50,549 - ERROR - isbnlib_default unexpected error for ISBN 9455463180: ModuleNotFoundError - No module named 'isbnlib'
2025-09-25 19:47:50,550 - WARNING - API call failed: isbnlib_default
Average response time: 0.00s
Success rate: 48.9%
2025-09-25 19:47:50,551 - ERROR - isbnlib_default unexpected error for ISBN 9781617299346: ModuleNotFoundError - No module named 'isbnlib'
2025-09-25 19:47:50,552 - WARNING - API call failed: isbnlib_default
Average response time: 0.00s
Success rate: 47.9%
2025-09-25 19:47:53,653 - ERROR - isbnlib_goom unexpected error for ISBN 9781617294877: ModuleNotFoundError - No module named 'isbnlib'
2025-09-25 19:47:53,655 - WARNING - API call failed: isbnlib_goom
Average response time: 0.00s
Success rate: 49.0%
2025-09-25 19:47:53,655 - ERROR - isbnlib_goom unexpected error for ISBN 9781617295539: ModuleNotFoundError - No module named 'isbnlib'
2025-09-25 19:47:53,655 - WARNING - API call failed: isbnlib_goom
Average response time: 0.00s
Success rate: 48.1%
2025-09-25 19:47:58,177 - ERROR - isbnlib_meta unexpected error for ISBN 9781617294877: ModuleNotFoundError - No module named 'isbnlib'
2025-09-25 19:47:58,179 - WARNING - API call failed: isbnlib_meta
Average response time: 0.00s
Success rate: 49.0%
2025-09-25 19:47:58,181 - ERROR - isbnlib_meta unexpected error for ISBN 9781617295539: ModuleNotFoundError - No module named 'isbnlib'
2025-09-25 19:47:58,182 - WARNING - API call failed: isbnlib_meta
Average response time: 0.00s
Success rate: 49.1%
2025-09-25 19:48:03,105 - ERROR - isbnlib_desc unexpected error for ISBN 9789455463189: ModuleNotFoundError - No module named 'isbnlib'
2025-09-25 19:48:03,107 - WARNING - API call failed: isbnlib_desc
Average response time: 0.00s
Success rate: 49.1%
2025-09-25 19:48:03,107 - ERROR - isbnlib_desc unexpected error for ISBN 9781617298752: ModuleNotFoundError - No module named 'isbnlib'
2025-09-25 19:48:03,108 - WARNING - API call failed: isbnlib_desc
Average response time: 0.00s
Success rate: 48.2%
2025-09-25 19:48:04,061 - ERROR - isbnlib_default unexpected error for ISBN 9781617294877: ModuleNotFoundError - No module named 'isbnlib'
2025-09-25 19:48:04,062 - WARNING - API call failed: isbnlib_default
Average response time: 0.00s
Success rate: 49.0%
2025-09-25 19:48:04,063 - ERROR - isbnlib_default unexpected error for ISBN 9781617295539: ModuleNotFoundError - No module named 'isbnlib'
2025-09-25 19:48:04,063 - WARNING - API call failed: isbnlib_default
Average response time: 0.00s
Success rate: 48.1%
2025-09-25 19:48:04,755 - ERROR - isbnlib_info unexpected error for ISBN 9781617298752: ModuleNotFoundError - No module named 'isbnlib'
2025-09-25 19:48:04,764 - ERROR - isbnlib_info unexpected error for ISBN 9789455463189: ModuleNotFoundError - No module named 'isbnlib'
2025-09-25 19:48:04,764 - WARNING - API call failed: isbnlib_info
Average response time: 0.00s
Success rate: 49.1%
2025-09-25 19:48:04,765 - WARNING - API call failed: isbnlib_info
Average response time: 0.00s
Success rate: 48.2%
2025-09-25 19:48:08,229 - ERROR - isbnlib_goom unexpected error for ISBN 9789455463189: ModuleNotFoundError - No module named 'isbnlib'
2025-09-25 19:48:08,236 - ERROR - isbnlib_goom unexpected error for ISBN 9781617298752: ModuleNotFoundError - No module named 'isbnlib'
2025-09-25 19:48:08,240 - WARNING - API call failed: isbnlib_goom
Average response time: 0.00s
Success rate: 48.2%
2025-09-25 19:48:08,240 - WARNING - API call failed: isbnlib_goom
Average response time: 0.00s
Success rate: 49.1%
2025-09-25 19:48:12,690 - ERROR - isbnlib_meta unexpected error for ISBN 9789455463189: ModuleNotFoundError - No module named 'isbnlib'
2025-09-25 19:48:12,691 - WARNING - API call failed: isbnlib_meta
Average response time: 0.00s
Success rate: 49.1%
2025-09-25 19:48:12,691 - ERROR - isbnlib_meta unexpected error for ISBN 9781617298752: ModuleNotFoundError - No module named 'isbnlib'
2025-09-25 19:48:12,692 - WARNING - API call failed: isbnlib_meta
Average response time: 0.00s
Success rate: 48.2%
2025-09-25 19:48:12,693 - ERROR - loc unexpected error for ISBN 9789455463189: KeyError - 'retries'
2025-09-25 19:48:12,694 - WARNING - API call failed: loc
Average response time: 0.31s
Success rate: 89.1%
2025-09-25 19:48:18,572 - ERROR - isbnlib_default unexpected error for ISBN 9789455463189: ModuleNotFoundError - No module named 'isbnlib'
2025-09-25 19:48:18,572 - ERROR - isbnlib_default unexpected error for ISBN 9781617298752: ModuleNotFoundError - No module named 'isbnlib'
2025-09-25 19:48:18,573 - WARNING - API call failed: isbnlib_default
Average response time: 0.00s
Success rate: 49.1%
2025-09-25 19:48:18,574 - WARNING - API call failed: isbnlib_default
Average response time: 0.00s
Success rate: 48.2%
2025-09-25 20:35:54,163 - ERROR - isbnlib_desc unexpected error for ISBN 9781617299681: ModuleNotFoundError - No module named 'isbnlib'
2025-09-25 20:35:54,232 - WARNING - API call failed: isbnlib_desc
Average response time: 0.00s
Success rate: 0.0%
2025-09-25 20:35:54,247 - ERROR - isbnlib_info unexpected error for ISBN 9781617299681: ModuleNotFoundError - No module named 'isbnlib'
2025-09-25 20:35:54,247 - WARNING - API call failed: isbnlib_info
Average response time: 0.00s
Success rate: 0.0%
2025-09-25 20:35:54,248 - ERROR - isbnlib_goom unexpected error for ISBN 9781617299681: ModuleNotFoundError - No module named 'isbnlib'
2025-09-25 20:35:54,248 - WARNING - API call failed: isbnlib_goom
Average response time: 0.00s
Success rate: 0.0%
2025-09-25 20:35:54,248 - ERROR - isbnlib_meta unexpected error for ISBN 9781617299681: ModuleNotFoundError - No module named 'isbnlib'
2025-09-25 20:35:54,248 - WARNING - API call failed: isbnlib_meta
Average response time: 0.00s
Success rate: 0.0%
2025-09-25 20:35:55,302 - ERROR - isbnlib_default unexpected error for ISBN 9781617299681: ModuleNotFoundError - No module named 'isbnlib'
2025-09-25 20:35:55,302 - WARNING - API call failed: isbnlib_default
Average response time: 0.00s
Success rate: 0.0%
2025-09-25 20:35:55,753 - ERROR - isbnlib_desc unexpected error for ISBN 9781633439351: ModuleNotFoundError - No module named 'isbnlib'
2025-09-25 20:35:55,766 - WARNING - API call failed: isbnlib_desc
Average response time: 0.03s
Success rate: 33.3%
2025-09-25 20:35:55,787 - ERROR - isbnlib_info unexpected error for ISBN 9781633439351: ModuleNotFoundError - No module named 'isbnlib'
2025-09-25 20:35:55,794 - WARNING - API call failed: isbnlib_info
Average response time: 0.00s
Success rate: 33.3%
2025-09-25 20:35:55,797 - ERROR - isbnlib_goom unexpected error for ISBN 9781633439351: ModuleNotFoundError - No module named 'isbnlib'
2025-09-25 20:35:55,797 - WARNING - API call failed: isbnlib_goom
Average response time: 0.00s
Success rate: 33.3%
2025-09-25 20:35:55,807 - ERROR - isbnlib_meta unexpected error for ISBN 9781633439351: ModuleNotFoundError - No module named 'isbnlib'
2025-09-25 20:35:55,807 - WARNING - API call failed: isbnlib_meta
Average response time: 0.00s
Success rate: 33.3%
2025-09-25 20:35:56,809 - ERROR - isbnlib_default unexpected error for ISBN 9781633439351: ModuleNotFoundError - No module named 'isbnlib'
2025-09-25 20:35:56,809 - WARNING - API call failed: isbnlib_default
Average response time: 0.00s
Success rate: 33.3%
2025-09-25 20:35:57,802 - ERROR - isbnlib_desc unexpected error for ISBN 9781617294310: ModuleNotFoundError - No module named 'isbnlib'
2025-09-25 20:35:57,809 - WARNING - API call failed: isbnlib_desc
Average response time: 0.02s
Success rate: 40.0%
2025-09-25 20:35:57,841 - ERROR - isbnlib_info unexpected error for ISBN 9781617294310: ModuleNotFoundError - No module named 'isbnlib'
2025-09-25 20:35:57,841 - WARNING - API call failed: isbnlib_info
Average response time: 0.00s
Success rate: 40.0%
2025-09-25 20:35:57,885 - ERROR - isbnlib_goom unexpected error for ISBN 9781617294310: ModuleNotFoundError - No module named 'isbnlib'
2025-09-25 20:35:57,885 - WARNING - API call failed: isbnlib_goom
Average response time: 0.00s
Success rate: 40.0%
2025-09-25 20:35:57,923 - ERROR - isbnlib_meta unexpected error for ISBN 9781617294310: ModuleNotFoundError - No module named 'isbnlib'
2025-09-25 20:35:57,924 - WARNING - API call failed: isbnlib_meta
Average response time: 0.00s
Success rate: 40.0%
2025-09-25 20:35:58,815 - ERROR - isbnlib_default unexpected error for ISBN 9781617294310: ModuleNotFoundError - No module named 'isbnlib'
2025-09-25 20:35:58,815 - WARNING - API call failed: isbnlib_default
Average response time: 0.00s
Success rate: 40.0%
2025-09-25 20:36:00,355 - ERROR - isbnlib_desc unexpected error for ISBN 9781633438460: ModuleNotFoundError - No module named 'isbnlib'
2025-09-25 20:36:00,355 - ERROR - isbnlib_desc unexpected error for ISBN 9781633439719: ModuleNotFoundError - No module named 'isbnlib'
2025-09-25 20:36:00,355 - WARNING - API call failed: isbnlib_desc
Average response time: 0.02s
Success rate: 42.9%
2025-09-25 20:36:00,356 - ERROR - isbnlib_desc unexpected error for ISBN 9781617294327: ModuleNotFoundError - No module named 'isbnlib'
2025-09-25 20:36:00,356 - WARNING - API call failed: isbnlib_desc
Average response time: 0.02s
Success rate: 37.5%
2025-09-25 20:36:00,356 - WARNING - API call failed: isbnlib_desc
Average response time: 0.02s
Success rate: 33.3%
2025-09-25 20:36:00,385 - ERROR - isbnlib_info unexpected error for ISBN 9781633439719: ModuleNotFoundError - No module named 'isbnlib'
2025-09-25 20:36:00,385 - WARNING - API call failed: isbnlib_info
Average response time: 0.01s
Success rate: 42.9%
2025-09-25 20:36:00,385 - ERROR - isbnlib_info unexpected error for ISBN 9781633438460: ModuleNotFoundError - No module named 'isbnlib'
2025-09-25 20:36:00,386 - WARNING - API call failed: isbnlib_info
Average response time: 0.01s
Success rate: 44.4%
2025-09-25 20:36:00,469 - ERROR - isbnlib_goom unexpected error for ISBN 9781633438460: ModuleNotFoundError - No module named 'isbnlib'
2025-09-25 20:36:00,475 - ERROR - isbnlib_goom unexpected error for ISBN 9781633439719: ModuleNotFoundError - No module named 'isbnlib'
2025-09-25 20:36:00,488 - WARNING - API call failed: isbnlib_goom
Average response time: 0.01s
Success rate: 42.9%
2025-09-25 20:36:00,494 - WARNING - API call failed: isbnlib_goom
Average response time: 0.01s
Success rate: 37.5%
2025-09-25 20:36:00,525 - ERROR - isbnlib_meta unexpected error for ISBN 9781633438460: ModuleNotFoundError - No module named 'isbnlib'
2025-09-25 20:36:00,526 - WARNING - API call failed: isbnlib_meta
Average response time: 0.00s
Success rate: 42.9%
2025-09-25 20:36:01,334 - ERROR - isbnlib_default unexpected error for ISBN 9781633438460: ModuleNotFoundError - No module named 'isbnlib'
2025-09-25 20:36:01,338 - WARNING - API call failed: isbnlib_default
Average response time: 0.00s
Success rate: 42.9%
2025-09-25 20:36:03,531 - ERROR - isbnlib_meta unexpected error for ISBN 9781633439719: ModuleNotFoundError - No module named 'isbnlib'
2025-09-25 20:36:03,531 - WARNING - API call failed: isbnlib_meta
Average response time: 0.01s
Success rate: 44.4%
2025-09-25 20:36:03,891 - ERROR - isbnlib_info unexpected error for ISBN 9781617294327: ModuleNotFoundError - No module named 'isbnlib'
2025-09-25 20:36:03,893 - WARNING - API call failed: isbnlib_info
Average response time: 0.01s
Success rate: 45.5%
2025-09-25 20:36:04,049 - ERROR - isbnlib_goom unexpected error for ISBN 9781617294327: ModuleNotFoundError - No module named 'isbnlib'
2025-09-25 20:36:04,050 - WARNING - API call failed: isbnlib_goom
Average response time: 0.02s
Success rate: 45.5%
2025-09-25 20:36:04,360 - ERROR - isbnlib_default unexpected error for ISBN 9781633439719: ModuleNotFoundError - No module named 'isbnlib'
2025-09-25 20:36:04,361 - WARNING - API call failed: isbnlib_default
Average response time: 0.00s
Success rate: 44.4%
2025-09-25 20:36:04,391 - ERROR - isbnlib_desc unexpected error for ISBN 9781617294181: ModuleNotFoundError - No module named 'isbnlib'
2025-09-25 20:36:04,392 - WARNING - API call failed: isbnlib_desc
Average response time: 0.02s
Success rate: 46.2%
2025-09-25 20:36:07,041 - ERROR - isbnlib_meta unexpected error for ISBN 9781617294327: ModuleNotFoundError - No module named 'isbnlib'
2025-09-25 20:36:07,048 - WARNING - API call failed: isbnlib_meta
Average response time: 0.00s
Success rate: 45.5%
2025-09-25 20:36:07,113 - ERROR - loc unexpected error for ISBN 9781617294327: KeyError - 'retries'
2025-09-25 20:36:07,119 - WARNING - API call failed: loc
Average response time: 0.46s
Success rate: 90.9%
2025-09-25 20:36:07,880 - ERROR - isbnlib_default unexpected error for ISBN 9781617294327: ModuleNotFoundError - No module named 'isbnlib'
2025-09-25 20:36:07,886 - WARNING - API call failed: isbnlib_default
Average response time: 0.00s
Success rate: 45.5%
2025-09-25 20:36:07,899 - ERROR - isbnlib_info unexpected error for ISBN 9781617294181: ModuleNotFoundError - No module named 'isbnlib'
2025-09-25 20:36:07,899 - WARNING - API call failed: isbnlib_info
Average response time: 0.01s
Success rate: 46.2%
2025-09-25 20:36:08,062 - ERROR - isbnlib_goom unexpected error for ISBN 9781617294181: ModuleNotFoundError - No module named 'isbnlib'
2025-09-25 20:36:08,075 - WARNING - API call failed: isbnlib_goom
Average response time: 0.02s
Success rate: 46.2%
2025-09-25 20:36:08,916 - ERROR - isbnlib_desc unexpected error for ISBN 9455463180: ModuleNotFoundError - No module named 'isbnlib'
2025-09-25 20:36:08,922 - WARNING - API call failed: isbnlib_desc
Average response time: 0.02s
Success rate: 46.7%
2025-09-25 20:36:11,129 - ERROR - isbnlib_meta unexpected error for ISBN 9781617294181: ModuleNotFoundError - No module named 'isbnlib'
2025-09-25 20:36:11,136 - WARNING - API call failed: isbnlib_meta
Average response time: 0.01s
Success rate: 46.2%
2025-09-25 20:36:11,173 - ERROR - loc unexpected error for ISBN 9781617294181: KeyError - 'retries'
2025-09-25 20:36:11,174 - WARNING - API call failed: loc
Average response time: 0.39s
Success rate: 84.6%
2025-09-25 20:36:11,949 - ERROR - isbnlib_default unexpected error for ISBN 9781617294181: ModuleNotFoundError - No module named 'isbnlib'
2025-09-25 20:36:11,949 - WARNING - API call failed: isbnlib_default
Average response time: 0.01s
Success rate: 46.2%
2025-09-25 20:36:12,468 - ERROR - isbnlib_info unexpected error for ISBN 9455463180: ModuleNotFoundError - No module named 'isbnlib'
2025-09-25 20:36:12,480 - WARNING - API call failed: isbnlib_info
Average response time: 0.01s
Success rate: 46.7%
2025-09-25 20:36:12,603 - ERROR - isbnlib_goom unexpected error for ISBN 9455463180: ModuleNotFoundError - No module named 'isbnlib'
2025-09-25 20:36:12,603 - WARNING - API call failed: isbnlib_goom
Average response time: 0.02s
Success rate: 46.7%
2025-09-25 20:36:13,975 - ERROR - isbnlib_desc unexpected error for ISBN 9781633439696: ModuleNotFoundError - No module named 'isbnlib'
2025-09-25 20:36:13,976 - WARNING - API call failed: isbnlib_desc
Average response time: 0.02s
Success rate: 47.1%
2025-09-25 20:36:13,976 - ERROR - isbnlib_desc unexpected error for ISBN 9781617296581: ModuleNotFoundError - No module named 'isbnlib'
2025-09-25 20:36:13,977 - WARNING - API call failed: isbnlib_desc
Average response time: 0.02s
Success rate: 44.4%
2025-09-25 20:36:15,679 - ERROR - isbnlib_meta unexpected error for ISBN 9455463180: ModuleNotFoundError - No module named 'isbnlib'
2025-09-25 20:36:15,680 - WARNING - API call failed: isbnlib_meta
Average response time: 0.01s
Success rate: 46.7%
2025-09-25 20:36:16,457 - ERROR - isbnlib_default unexpected error for ISBN 9455463180: ModuleNotFoundError - No module named 'isbnlib'
2025-09-25 20:36:16,458 - WARNING - API call failed: isbnlib_default
Average response time: 0.01s
Success rate: 46.7%
2025-09-25 20:36:17,492 - ERROR - isbnlib_info unexpected error for ISBN 9781633439696: ModuleNotFoundError - No module named 'isbnlib'
2025-09-25 20:36:17,493 - WARNING - API call failed: isbnlib_info
Average response time: 0.01s
Success rate: 47.1%
2025-09-25 20:36:17,493 - ERROR - isbnlib_info unexpected error for ISBN 9781617296581: ModuleNotFoundError - No module named 'isbnlib'
2025-09-25 20:36:17,494 - WARNING - API call failed: isbnlib_info
Average response time: 0.01s
Success rate: 44.4%
2025-09-25 20:36:17,627 - ERROR - isbnlib_goom unexpected error for ISBN 9781633439696: ModuleNotFoundError - No module named 'isbnlib'
2025-09-25 20:36:17,628 - WARNING - API call failed: isbnlib_goom
Average response time: 0.02s
Success rate: 47.1%
2025-09-25 20:36:17,628 - ERROR - isbnlib_goom unexpected error for ISBN 9781617296581: ModuleNotFoundError - No module named 'isbnlib'
2025-09-25 20:36:17,628 - WARNING - API call failed: isbnlib_goom
Average response time: 0.02s
Success rate: 44.4%
2025-09-25 20:36:19,980 - ERROR - isbnlib_desc unexpected error for ISBN 9781617295591: ModuleNotFoundError - No module named 'isbnlib'
2025-09-25 20:36:19,981 - WARNING - API call failed: isbnlib_desc
Average response time: 0.02s
Success rate: 47.6%
2025-09-25 20:36:19,985 - ERROR - isbnlib_desc unexpected error for ISBN 9789455463189: ModuleNotFoundError - No module named 'isbnlib'
2025-09-25 20:36:19,985 - WARNING - API call failed: isbnlib_desc
Average response time: 0.02s
Success rate: 47.8%
2025-09-25 20:36:20,687 - ERROR - isbnlib_meta unexpected error for ISBN 9781617296581: ModuleNotFoundError - No module named 'isbnlib'
2025-09-25 20:36:20,688 - WARNING - API call failed: isbnlib_meta
Average response time: 0.01s
Success rate: 47.1%
2025-09-25 20:36:20,689 - ERROR - isbnlib_meta unexpected error for ISBN 9781633439696: ModuleNotFoundError - No module named 'isbnlib'
2025-09-25 20:36:20,689 - WARNING - API call failed: isbnlib_meta
Average response time: 0.01s
Success rate: 44.4%
2025-09-25 20:36:21,464 - ERROR - isbnlib_default unexpected error for ISBN 9781617296581: ModuleNotFoundError - No module named 'isbnlib'
2025-09-25 20:36:21,465 - WARNING - API call failed: isbnlib_default
Average response time: 0.01s
Success rate: 47.1%
2025-09-25 20:36:23,499 - ERROR - isbnlib_info unexpected error for ISBN 9789455463189: ModuleNotFoundError - No module named 'isbnlib'
2025-09-25 20:36:23,500 - WARNING - API call failed: isbnlib_info
Average response time: 0.01s
Success rate: 47.6%
2025-09-25 20:36:23,501 - ERROR - isbnlib_info unexpected error for ISBN 9781617295591: ModuleNotFoundError - No module named 'isbnlib'
2025-09-25 20:36:23,502 - WARNING - API call failed: isbnlib_info
Average response time: 0.01s
Success rate: 45.5%
2025-09-25 20:36:23,635 - ERROR - isbnlib_goom unexpected error for ISBN 9781617295591: ModuleNotFoundError - No module named 'isbnlib'
2025-09-25 20:36:23,636 - WARNING - API call failed: isbnlib_goom
Average response time: 0.02s
Success rate: 47.6%
2025-09-25 20:36:23,637 - ERROR - isbnlib_goom unexpected error for ISBN 9789455463189: ModuleNotFoundError - No module named 'isbnlib'
2025-09-25 20:36:23,637 - WARNING - API call failed: isbnlib_goom
Average response time: 0.01s
Success rate: 45.5%
2025-09-25 20:36:26,694 - ERROR - isbnlib_meta unexpected error for ISBN 9789455463189: ModuleNotFoundError - No module named 'isbnlib'
2025-09-25 20:36:26,694 - ERROR - isbnlib_meta unexpected error for ISBN 9781617295591: ModuleNotFoundError - No module named 'isbnlib'
2025-09-25 20:36:26,695 - WARNING - API call failed: isbnlib_meta
Average response time: 0.01s
Success rate: 47.6%
2025-09-25 20:36:26,695 - WARNING - API call failed: isbnlib_meta
Average response time: 0.01s
Success rate: 45.5%
2025-09-25 20:36:26,972 - ERROR - isbnlib_default unexpected error for ISBN 9781633439696: ModuleNotFoundError - No module named 'isbnlib'
2025-09-25 20:36:26,973 - WARNING - API call failed: isbnlib_default
Average response time: 0.01s
Success rate: 47.4%
2025-09-25 20:36:26,990 - ERROR - isbnlib_desc unexpected error for ISBN 9781617296628: ModuleNotFoundError - No module named 'isbnlib'
2025-09-25 20:36:26,991 - WARNING - API call failed: isbnlib_desc
Average response time: 0.01s
Success rate: 48.0%
2025-09-25 20:36:30,508 - ERROR - isbnlib_info unexpected error for ISBN 9781617296628: ModuleNotFoundError - No module named 'isbnlib'
2025-09-25 20:36:30,509 - WARNING - API call failed: isbnlib_info
Average response time: 0.01s
Success rate: 48.0%
2025-09-25 20:36:30,642 - ERROR - isbnlib_goom unexpected error for ISBN 9781617296628: ModuleNotFoundError - No module named 'isbnlib'
2025-09-25 20:36:30,643 - WARNING - API call failed: isbnlib_goom
Average response time: 0.01s
Success rate: 48.0%
2025-09-25 20:36:32,980 - ERROR - isbnlib_default unexpected error for ISBN 9781617295591: ModuleNotFoundError - No module named 'isbnlib'
2025-09-25 20:36:32,980 - ERROR - isbnlib_default unexpected error for ISBN 9789455463189: ModuleNotFoundError - No module named 'isbnlib'
2025-09-25 20:36:32,981 - WARNING - API call failed: isbnlib_default
Average response time: 0.01s
Success rate: 47.6%
2025-09-25 20:36:32,982 - WARNING - API call failed: isbnlib_default
Average response time: 0.01s
Success rate: 45.5%
2025-09-25 20:36:33,709 - ERROR - isbnlib_meta unexpected error for ISBN 9781617296628: ModuleNotFoundError - No module named 'isbnlib'
2025-09-25 20:36:33,709 - WARNING - API call failed: isbnlib_meta
Average response time: 0.01s
Success rate: 48.0%
2025-09-25 20:36:33,742 - ERROR - loc unexpected error for ISBN 9781617296628: KeyError - 'retries'
2025-09-25 20:36:33,744 - WARNING - API call failed: loc
Average response time: 0.38s
Success rate: 88.0%
2025-09-25 20:36:34,497 - ERROR - isbnlib_desc unexpected error for ISBN 0474200027: ModuleNotFoundError - No module named 'isbnlib'
2025-09-25 20:36:34,497 - WARNING - API call failed: isbnlib_desc
Average response time: 0.01s
Success rate: 48.1%
2025-09-25 20:36:38,029 - ERROR - isbnlib_info unexpected error for ISBN 0474200027: ModuleNotFoundError - No module named 'isbnlib'
2025-09-25 20:36:38,029 - WARNING - API call failed: isbnlib_info
Average response time: 0.01s
Success rate: 48.1%
2025-09-25 20:36:38,152 - ERROR - isbnlib_goom unexpected error for ISBN 0474200027: ModuleNotFoundError - No module named 'isbnlib'
2025-09-25 20:36:38,153 - WARNING - API call failed: isbnlib_goom
Average response time: 0.01s
Success rate: 48.1%
2025-09-25 20:36:39,986 - ERROR - isbnlib_default unexpected error for ISBN 9781617296628: ModuleNotFoundError - No module named 'isbnlib'
2025-09-25 20:36:39,987 - WARNING - API call failed: isbnlib_default
Average response time: 0.00s
Success rate: 48.0%
2025-09-25 20:36:41,247 - ERROR - isbnlib_meta unexpected error for ISBN 0474200027: ModuleNotFoundError - No module named 'isbnlib'
2025-09-25 20:36:41,248 - WARNING - API call failed: isbnlib_meta
Average response time: 0.01s
Success rate: 48.1%
2025-09-25 20:36:42,512 - ERROR - isbnlib_desc unexpected error for ISBN 9781617297106: ModuleNotFoundError - No module named 'isbnlib'
2025-09-25 20:36:42,513 - WARNING - API call failed: isbnlib_desc
Average response time: 0.01s
Success rate: 48.3%
2025-09-25 20:36:42,514 - ERROR - isbnlib_desc unexpected error for ISBN 0501157166: ModuleNotFoundError - No module named 'isbnlib'
2025-09-25 20:36:42,514 - WARNING - API call failed: isbnlib_desc
Average response time: 0.01s
Success rate: 46.7%
2025-09-25 20:36:42,514 - ERROR - isbnlib_desc unexpected error for ISBN 9781617297182: ModuleNotFoundError - No module named 'isbnlib'
2025-09-25 20:36:42,515 - WARNING - API call failed: isbnlib_desc
Average response time: 0.01s
Success rate: 45.2%
2025-09-25 20:36:46,052 - ERROR - isbnlib_info unexpected error for ISBN 9781617297182: ModuleNotFoundError - No module named 'isbnlib'
2025-09-25 20:36:46,053 - ERROR - isbnlib_info unexpected error for ISBN 9781617297106: ModuleNotFoundError - No module named 'isbnlib'
2025-09-25 20:36:46,053 - WARNING - API call failed: isbnlib_info
Average response time: 0.01s
Success rate: 48.3%
2025-09-25 20:36:46,054 - WARNING - API call failed: isbnlib_info
Average response time: 0.01s
Success rate: 46.7%
2025-09-25 20:36:46,055 - ERROR - isbnlib_info unexpected error for ISBN 0501157166: ModuleNotFoundError - No module named 'isbnlib'
2025-09-25 20:36:46,056 - WARNING - API call failed: isbnlib_info
Average response time: 0.01s
Success rate: 46.9%
2025-09-25 20:36:46,158 - ERROR - isbnlib_goom unexpected error for ISBN 9781617297106: ModuleNotFoundError - No module named 'isbnlib'
2025-09-25 20:36:46,159 - WARNING - API call failed: isbnlib_goom
Average response time: 0.01s
Success rate: 48.3%
2025-09-25 20:36:46,159 - ERROR - isbnlib_goom unexpected error for ISBN 9781617297182: ModuleNotFoundError - No module named 'isbnlib'
2025-09-25 20:36:46,160 - ERROR - isbnlib_goom unexpected error for ISBN 0501157166: ModuleNotFoundError - No module named 'isbnlib'
2025-09-25 20:36:46,160 - WARNING - API call failed: isbnlib_goom
Average response time: 0.01s
Success rate: 46.7%
2025-09-25 20:36:46,161 - WARNING - API call failed: isbnlib_goom
Average response time: 0.01s
Success rate: 45.2%
2025-09-25 20:36:47,492 - ERROR - isbnlib_default unexpected error for ISBN 0474200027: ModuleNotFoundError - No module named 'isbnlib'
2025-09-25 20:36:47,492 - WARNING - API call failed: isbnlib_default
Average response time: 0.00s
Success rate: 48.1%
2025-09-25 20:36:49,257 - ERROR - isbnlib_meta unexpected error for ISBN 0501157166: ModuleNotFoundError - No module named 'isbnlib'
2025-09-25 20:36:49,258 - WARNING - API call failed: isbnlib_meta
Average response time: 0.01s
Success rate: 48.3%
2025-09-25 20:36:49,259 - ERROR - isbnlib_meta unexpected error for ISBN 9781617297106: ModuleNotFoundError - No module named 'isbnlib'
2025-09-25 20:36:49,259 - ERROR - isbnlib_meta unexpected error for ISBN 9781617297182: ModuleNotFoundError - No module named 'isbnlib'
2025-09-25 20:36:49,259 - WARNING - API call failed: isbnlib_meta
Average response time: 0.01s
Success rate: 46.7%
2025-09-25 20:36:49,260 - WARNING - API call failed: isbnlib_meta
Average response time: 0.01s
Success rate: 45.2%
2025-09-25 20:36:52,021 - ERROR - isbnlib_desc unexpected error for ISBN 9780474200021: ModuleNotFoundError - No module named 'isbnlib'
2025-09-25 20:36:52,022 - WARNING - API call failed: isbnlib_desc
Average response time: 0.01s
Success rate: 48.6%
2025-09-25 20:36:55,499 - ERROR - isbnlib_default unexpected error for ISBN 0501157166: ModuleNotFoundError - No module named 'isbnlib'
2025-09-25 20:36:55,499 - ERROR - isbnlib_default unexpected error for ISBN 9781617297182: ModuleNotFoundError - No module named 'isbnlib'
2025-09-25 20:36:55,500 - WARNING - API call failed: isbnlib_default
Average response time: 0.00s
Success rate: 48.3%
2025-09-25 20:36:55,500 - WARNING - API call failed: isbnlib_default
Average response time: 0.00s
Success rate: 46.7%
2025-09-25 20:36:55,501 - ERROR - isbnlib_default unexpected error for ISBN 9781617297106: ModuleNotFoundError - No module named 'isbnlib'
2025-09-25 20:36:55,502 - WARNING - API call failed: isbnlib_default
Average response time: 0.00s
Success rate: 45.2%
2025-09-25 20:36:55,559 - ERROR - isbnlib_info unexpected error for ISBN 9780474200021: ModuleNotFoundError - No module named 'isbnlib'
2025-09-25 20:36:55,559 - WARNING - API call failed: isbnlib_info
Average response time: 0.01s
Success rate: 48.6%
2025-09-25 20:36:55,667 - ERROR - isbnlib_goom unexpected error for ISBN 9780474200021: ModuleNotFoundError - No module named 'isbnlib'
2025-09-25 20:36:55,668 - WARNING - API call failed: isbnlib_goom
Average response time: 0.01s
Success rate: 48.6%
2025-09-25 20:36:58,767 - ERROR - isbnlib_meta unexpected error for ISBN 9780474200021: ModuleNotFoundError - No module named 'isbnlib'
2025-09-25 20:36:58,769 - WARNING - API call failed: isbnlib_meta
Average response time: 0.01s
Success rate: 48.6%
2025-09-25 20:36:58,770 - ERROR - loc unexpected error for ISBN 9780474200021: KeyError - 'retries'
2025-09-25 20:36:58,771 - WARNING - API call failed: loc
Average response time: 0.38s
Success rate: 88.6%
2025-09-25 20:37:02,025 - ERROR - isbnlib_desc unexpected error for ISBN 9781617296994: ModuleNotFoundError - No module named 'isbnlib'
2025-09-25 20:37:02,025 - WARNING - API call failed: isbnlib_desc
Average response time: 0.01s
Success rate: 48.6%
2025-09-25 20:37:02,028 - ERROR - isbnlib_desc unexpected error for ISBN 9781617295089: ModuleNotFoundError - No module named 'isbnlib'
2025-09-25 20:37:02,029 - WARNING - API call failed: isbnlib_desc
Average response time: 0.01s
Success rate: 48.7%
2025-09-25 20:37:02,029 - ERROR - isbnlib_desc unexpected error for ISBN 9781617297014: ModuleNotFoundError - No module named 'isbnlib'
2025-09-25 20:37:02,029 - WARNING - API call failed: isbnlib_desc
Average response time: 0.01s
Success rate: 47.5%
2025-09-25 20:37:05,008 - ERROR - isbnlib_default unexpected error for ISBN 9780474200021: ModuleNotFoundError - No module named 'isbnlib'
2025-09-25 20:37:05,009 - WARNING - API call failed: isbnlib_default
Average response time: 0.00s
Success rate: 48.6%
2025-09-25 20:37:05,570 - ERROR - isbnlib_info unexpected error for ISBN 9781617297014: ModuleNotFoundError - No module named 'isbnlib'
2025-09-25 20:37:05,570 - WARNING - API call failed: isbnlib_info
Average response time: 0.01s
Success rate: 48.6%
2025-09-25 20:37:05,574 - ERROR - isbnlib_info unexpected error for ISBN 9781617295089: ModuleNotFoundError - No module named 'isbnlib'
2025-09-25 20:37:05,574 - WARNING - API call failed: isbnlib_info
Average response time: 0.01s
Success rate: 47.4%
2025-09-25 20:37:05,575 - ERROR - isbnlib_info unexpected error for ISBN 9781617296994: ModuleNotFoundError - No module named 'isbnlib'
2025-09-25 20:37:05,575 - WARNING - API call failed: isbnlib_info
Average response time: 0.01s
Success rate: 46.2%
2025-09-25 20:37:05,677 - ERROR - isbnlib_goom unexpected error for ISBN 9781617297014: ModuleNotFoundError - No module named 'isbnlib'
2025-09-25 20:37:05,677 - ERROR - isbnlib_goom unexpected error for ISBN 9781617295089: ModuleNotFoundError - No module named 'isbnlib'
2025-09-25 20:37:05,677 - ERROR - isbnlib_goom unexpected error for ISBN 9781617296994: ModuleNotFoundError - No module named 'isbnlib'
2025-09-25 20:37:05,677 - WARNING - API call failed: isbnlib_goom
Average response time: 0.01s
Success rate: 48.6%
2025-09-25 20:37:05,677 - WARNING - API call failed: isbnlib_goom
Average response time: 0.01s
Success rate: 47.4%
2025-09-25 20:37:05,689 - WARNING - API call failed: isbnlib_goom
Average response time: 0.01s
Success rate: 46.2%
2025-09-25 20:37:08,779 - ERROR - isbnlib_meta unexpected error for ISBN 9781617296994: ModuleNotFoundError - No module named 'isbnlib'
2025-09-25 20:37:08,779 - ERROR - isbnlib_meta unexpected error for ISBN 9781617295089: ModuleNotFoundError - No module named 'isbnlib'
2025-09-25 20:37:08,780 - WARNING - API call failed: isbnlib_meta
Average response time: 0.01s
Success rate: 48.6%
2025-09-25 20:37:08,781 - WARNING - API call failed: isbnlib_meta
Average response time: 0.01s
Success rate: 47.4%
2025-09-25 20:37:08,781 - ERROR - isbnlib_meta unexpected error for ISBN 9781617297014: ModuleNotFoundError - No module named 'isbnlib'
2025-09-25 20:37:08,782 - WARNING - API call failed: isbnlib_meta
Average response time: 0.01s
Success rate: 46.2%
2025-09-25 20:37:25,540 - ERROR - loc unexpected error for ISBN 9781617299346: KeyError - 'retries'
2025-09-25 20:37:25,583 - WARNING - API call failed: loc
Average response time: 0.36s
Success rate: 88.4%
2025-09-25 20:42:25,764 - ERROR - loc unexpected error for ISBN 9781633438460: KeyError - 'retries'
2025-09-25 20:42:25,766 - WARNING - API call failed: loc
Average response time: 0.63s
Success rate: 90.9%
2025-09-25 20:42:27,273 - ERROR - loc unexpected error for ISBN 9781617294181: KeyError - 'retries'
2025-09-25 20:42:27,279 - WARNING - API call failed: loc
Average response time: 0.53s
Success rate: 84.6%
2025-09-25 20:42:52,261 - ERROR - loc unexpected error for ISBN 9781617296628: KeyError - 'retries'
2025-09-25 20:42:52,263 - WARNING - API call failed: loc
Average response time: 0.45s
Success rate: 88.0%
2025-09-25 20:43:06,794 - ERROR - loc unexpected error for ISBN 9780474200021: KeyError - 'retries'
2025-09-25 20:43:06,794 - ERROR - loc unexpected error for ISBN 9781617297106: KeyError - 'retries'
2025-09-25 20:43:06,814 - WARNING - API call failed: loc
Average response time: 0.40s
Success rate: 87.9%
2025-09-25 20:43:06,824 - WARNING - API call failed: loc
Average response time: 0.39s
Success rate: 85.3%
2025-09-25 20:43:47,599 - ERROR - loc unexpected error for ISBN 9781484292068: KeyError - 'retries'
2025-09-25 20:43:47,600 - WARNING - API call failed: loc
Average response time: 0.36s
Success rate: 88.7%
2025-09-25 20:50:16,247 - ERROR - loc unexpected error for ISBN 9781617294181: KeyError - 'retries'
2025-09-25 20:50:16,248 - WARNING - API call failed: loc
Average response time: 0.42s
Success rate: 90.9%
2025-09-25 20:50:19,261 - ERROR - loc unexpected error for ISBN 9781617296581: KeyError - 'retries'
2025-09-25 20:50:19,261 - WARNING - API call failed: loc
Average response time: 0.36s
Success rate: 84.6%
2025-09-25 20:50:38,511 - ERROR - loc unexpected error for ISBN 9781617297182: KeyError - 'retries'
2025-09-25 20:50:38,511 - WARNING - API call failed: loc
Average response time: 0.34s
Success rate: 87.0%
2025-09-25 20:50:57,540 - ERROR - loc unexpected error for ISBN 9781617295539: KeyError - 'retries'
2025-09-25 20:50:57,541 - WARNING - API call failed: loc
Average response time: 0.35s
Success rate: 87.9%
